<?xml version="1.0" encoding="UTF-8"?>
<testsuite name="com.uca.Tests" tests="1" skipped="0" failures="0" errors="0" timestamp="2020-10-17T18:48:49" hostname="AhmedBackup" time="0.563">
  <properties/>
  <testcase name="testConverter()" classname="com.uca.Tests" time="0.563"/>
  <system-out><![CDATA[Iter : 1 --> ToRoman : I --> ToNumber : 1
Iter : 2 --> ToRoman : II --> ToNumber : 2
Iter : 3 --> ToRoman : III --> ToNumber : 3
Iter : 4 --> ToRoman : IV --> ToNumber : 4
Iter : 5 --> ToRoman : V --> ToNumber : 5
Iter : 6 --> ToRoman : VI --> ToNumber : 6
Iter : 7 --> ToRoman : VII --> ToNumber : 7
Iter : 8 --> ToRoman : VIII --> ToNumber : 8
Iter : 9 --> ToRoman : IX --> ToNumber : 9
Iter : 10 --> ToRoman : X --> ToNumber : 10
Iter : 11 --> ToRoman : XI --> ToNumber : 11
Iter : 12 --> ToRoman : XII --> ToNumber : 12
Iter : 13 --> ToRoman : XIII --> ToNumber : 13
Iter : 14 --> ToRoman : XIV --> ToNumber : 14
Iter : 15 --> ToRoman : XV --> ToNumber : 15
Iter : 16 --> ToRoman : XVI --> ToNumber : 16
Iter : 17 --> ToRoman : XVII --> ToNumber : 17
Iter : 18 --> ToRoman : XVIII --> ToNumber : 18
Iter : 19 --> ToRoman : XIX --> ToNumber : 19
Iter : 20 --> ToRoman : XX --> ToNumber : 20
Iter : 21 --> ToRoman : XXI --> ToNumber : 21
Iter : 22 --> ToRoman : XXII --> ToNumber : 22
Iter : 23 --> ToRoman : XXIII --> ToNumber : 23
Iter : 24 --> ToRoman : XXIV --> ToNumber : 24
Iter : 25 --> ToRoman : XXV --> ToNumber : 25
Iter : 26 --> ToRoman : XXVI --> ToNumber : 26
Iter : 27 --> ToRoman : XXVII --> ToNumber : 27
Iter : 28 --> ToRoman : XXVIII --> ToNumber : 28
Iter : 29 --> ToRoman : XXIX --> ToNumber : 29
Iter : 30 --> ToRoman : XXX --> ToNumber : 30
Iter : 31 --> ToRoman : XXXI --> ToNumber : 31
Iter : 32 --> ToRoman : XXXII --> ToNumber : 32
Iter : 33 --> ToRoman : XXXIII --> ToNumber : 33
Iter : 34 --> ToRoman : XXXIV --> ToNumber : 34
Iter : 35 --> ToRoman : XXXV --> ToNumber : 35
Iter : 36 --> ToRoman : XXXVI --> ToNumber : 36
Iter : 37 --> ToRoman : XXXVII --> ToNumber : 37
Iter : 38 --> ToRoman : XXXVIII --> ToNumber : 38
Iter : 39 --> ToRoman : XXXIX --> ToNumber : 39
Iter : 40 --> ToRoman : XL --> ToNumber : 40
Iter : 41 --> ToRoman : XLI --> ToNumber : 41
Iter : 42 --> ToRoman : XLII --> ToNumber : 42
Iter : 43 --> ToRoman : XLIII --> ToNumber : 43
Iter : 44 --> ToRoman : XLIV --> ToNumber : 44
Iter : 45 --> ToRoman : XLV --> ToNumber : 45
Iter : 46 --> ToRoman : XLVI --> ToNumber : 46
Iter : 47 --> ToRoman : XLVII --> ToNumber : 47
Iter : 48 --> ToRoman : XLVIII --> ToNumber : 48
Iter : 49 --> ToRoman : XLIX --> ToNumber : 49
Iter : 50 --> ToRoman : L --> ToNumber : 50
Iter : 51 --> ToRoman : LI --> ToNumber : 51
Iter : 52 --> ToRoman : LII --> ToNumber : 52
Iter : 53 --> ToRoman : LIII --> ToNumber : 53
Iter : 54 --> ToRoman : LIV --> ToNumber : 54
Iter : 55 --> ToRoman : LV --> ToNumber : 55
Iter : 56 --> ToRoman : LVI --> ToNumber : 56
Iter : 57 --> ToRoman : LVII --> ToNumber : 57
Iter : 58 --> ToRoman : LVIII --> ToNumber : 58
Iter : 59 --> ToRoman : LIX --> ToNumber : 59
Iter : 60 --> ToRoman : LX --> ToNumber : 60
Iter : 61 --> ToRoman : LXI --> ToNumber : 61
Iter : 62 --> ToRoman : LXII --> ToNumber : 62
Iter : 63 --> ToRoman : LXIII --> ToNumber : 63
Iter : 64 --> ToRoman : LXIV --> ToNumber : 64
Iter : 65 --> ToRoman : LXV --> ToNumber : 65
Iter : 66 --> ToRoman : LXVI --> ToNumber : 66
Iter : 67 --> ToRoman : LXVII --> ToNumber : 67
Iter : 68 --> ToRoman : LXVIII --> ToNumber : 68
Iter : 69 --> ToRoman : LXIX --> ToNumber : 69
Iter : 70 --> ToRoman : LXX --> ToNumber : 70
Iter : 71 --> ToRoman : LXXI --> ToNumber : 71
Iter : 72 --> ToRoman : LXXII --> ToNumber : 72
Iter : 73 --> ToRoman : LXXIII --> ToNumber : 73
Iter : 74 --> ToRoman : LXXIV --> ToNumber : 74
Iter : 75 --> ToRoman : LXXV --> ToNumber : 75
Iter : 76 --> ToRoman : LXXVI --> ToNumber : 76
Iter : 77 --> ToRoman : LXXVII --> ToNumber : 77
Iter : 78 --> ToRoman : LXXVIII --> ToNumber : 78
Iter : 79 --> ToRoman : LXXIX --> ToNumber : 79
Iter : 80 --> ToRoman : LXXX --> ToNumber : 80
Iter : 81 --> ToRoman : LXXXI --> ToNumber : 81
Iter : 82 --> ToRoman : LXXXII --> ToNumber : 82
Iter : 83 --> ToRoman : LXXXIII --> ToNumber : 83
Iter : 84 --> ToRoman : LXXXIV --> ToNumber : 84
Iter : 85 --> ToRoman : LXXXV --> ToNumber : 85
Iter : 86 --> ToRoman : LXXXVI --> ToNumber : 86
Iter : 87 --> ToRoman : LXXXVII --> ToNumber : 87
Iter : 88 --> ToRoman : LXXXVIII --> ToNumber : 88
Iter : 89 --> ToRoman : LXXXIX --> ToNumber : 89
Iter : 90 --> ToRoman : XC --> ToNumber : 90
Iter : 91 --> ToRoman : XCI --> ToNumber : 91
Iter : 92 --> ToRoman : XCII --> ToNumber : 92
Iter : 93 --> ToRoman : XCIII --> ToNumber : 93
Iter : 94 --> ToRoman : XCIV --> ToNumber : 94
Iter : 95 --> ToRoman : XCV --> ToNumber : 95
Iter : 96 --> ToRoman : XCVI --> ToNumber : 96
Iter : 97 --> ToRoman : XCVII --> ToNumber : 97
Iter : 98 --> ToRoman : XCVIII --> ToNumber : 98
Iter : 99 --> ToRoman : XCIX --> ToNumber : 99
Iter : 100 --> ToRoman : C --> ToNumber : 100
Iter : 101 --> ToRoman : CI --> ToNumber : 101
Iter : 102 --> ToRoman : CII --> ToNumber : 102
Iter : 103 --> ToRoman : CIII --> ToNumber : 103
Iter : 104 --> ToRoman : CIV --> ToNumber : 104
Iter : 105 --> ToRoman : CV --> ToNumber : 105
Iter : 106 --> ToRoman : CVI --> ToNumber : 106
Iter : 107 --> ToRoman : CVII --> ToNumber : 107
Iter : 108 --> ToRoman : CVIII --> ToNumber : 108
Iter : 109 --> ToRoman : CIX --> ToNumber : 109
Iter : 110 --> ToRoman : CX --> ToNumber : 110
Iter : 111 --> ToRoman : CXI --> ToNumber : 111
Iter : 112 --> ToRoman : CXII --> ToNumber : 112
Iter : 113 --> ToRoman : CXIII --> ToNumber : 113
Iter : 114 --> ToRoman : CXIV --> ToNumber : 114
Iter : 115 --> ToRoman : CXV --> ToNumber : 115
Iter : 116 --> ToRoman : CXVI --> ToNumber : 116
Iter : 117 --> ToRoman : CXVII --> ToNumber : 117
Iter : 118 --> ToRoman : CXVIII --> ToNumber : 118
Iter : 119 --> ToRoman : CXIX --> ToNumber : 119
Iter : 120 --> ToRoman : CXX --> ToNumber : 120
Iter : 121 --> ToRoman : CXXI --> ToNumber : 121
Iter : 122 --> ToRoman : CXXII --> ToNumber : 122
Iter : 123 --> ToRoman : CXXIII --> ToNumber : 123
Iter : 124 --> ToRoman : CXXIV --> ToNumber : 124
Iter : 125 --> ToRoman : CXXV --> ToNumber : 125
Iter : 126 --> ToRoman : CXXVI --> ToNumber : 126
Iter : 127 --> ToRoman : CXXVII --> ToNumber : 127
Iter : 128 --> ToRoman : CXXVIII --> ToNumber : 128
Iter : 129 --> ToRoman : CXXIX --> ToNumber : 129
Iter : 130 --> ToRoman : CXXX --> ToNumber : 130
Iter : 131 --> ToRoman : CXXXI --> ToNumber : 131
Iter : 132 --> ToRoman : CXXXII --> ToNumber : 132
Iter : 133 --> ToRoman : CXXXIII --> ToNumber : 133
Iter : 134 --> ToRoman : CXXXIV --> ToNumber : 134
Iter : 135 --> ToRoman : CXXXV --> ToNumber : 135
Iter : 136 --> ToRoman : CXXXVI --> ToNumber : 136
Iter : 137 --> ToRoman : CXXXVII --> ToNumber : 137
Iter : 138 --> ToRoman : CXXXVIII --> ToNumber : 138
Iter : 139 --> ToRoman : CXXXIX --> ToNumber : 139
Iter : 140 --> ToRoman : CXL --> ToNumber : 140
Iter : 141 --> ToRoman : CXLI --> ToNumber : 141
Iter : 142 --> ToRoman : CXLII --> ToNumber : 142
Iter : 143 --> ToRoman : CXLIII --> ToNumber : 143
Iter : 144 --> ToRoman : CXLIV --> ToNumber : 144
Iter : 145 --> ToRoman : CXLV --> ToNumber : 145
Iter : 146 --> ToRoman : CXLVI --> ToNumber : 146
Iter : 147 --> ToRoman : CXLVII --> ToNumber : 147
Iter : 148 --> ToRoman : CXLVIII --> ToNumber : 148
Iter : 149 --> ToRoman : CXLIX --> ToNumber : 149
Iter : 150 --> ToRoman : CL --> ToNumber : 150
Iter : 151 --> ToRoman : CLI --> ToNumber : 151
Iter : 152 --> ToRoman : CLII --> ToNumber : 152
Iter : 153 --> ToRoman : CLIII --> ToNumber : 153
Iter : 154 --> ToRoman : CLIV --> ToNumber : 154
Iter : 155 --> ToRoman : CLV --> ToNumber : 155
Iter : 156 --> ToRoman : CLVI --> ToNumber : 156
Iter : 157 --> ToRoman : CLVII --> ToNumber : 157
Iter : 158 --> ToRoman : CLVIII --> ToNumber : 158
Iter : 159 --> ToRoman : CLIX --> ToNumber : 159
Iter : 160 --> ToRoman : CLX --> ToNumber : 160
Iter : 161 --> ToRoman : CLXI --> ToNumber : 161
Iter : 162 --> ToRoman : CLXII --> ToNumber : 162
Iter : 163 --> ToRoman : CLXIII --> ToNumber : 163
Iter : 164 --> ToRoman : CLXIV --> ToNumber : 164
Iter : 165 --> ToRoman : CLXV --> ToNumber : 165
Iter : 166 --> ToRoman : CLXVI --> ToNumber : 166
Iter : 167 --> ToRoman : CLXVII --> ToNumber : 167
Iter : 168 --> ToRoman : CLXVIII --> ToNumber : 168
Iter : 169 --> ToRoman : CLXIX --> ToNumber : 169
Iter : 170 --> ToRoman : CLXX --> ToNumber : 170
Iter : 171 --> ToRoman : CLXXI --> ToNumber : 171
Iter : 172 --> ToRoman : CLXXII --> ToNumber : 172
Iter : 173 --> ToRoman : CLXXIII --> ToNumber : 173
Iter : 174 --> ToRoman : CLXXIV --> ToNumber : 174
Iter : 175 --> ToRoman : CLXXV --> ToNumber : 175
Iter : 176 --> ToRoman : CLXXVI --> ToNumber : 176
Iter : 177 --> ToRoman : CLXXVII --> ToNumber : 177
Iter : 178 --> ToRoman : CLXXVIII --> ToNumber : 178
Iter : 179 --> ToRoman : CLXXIX --> ToNumber : 179
Iter : 180 --> ToRoman : CLXXX --> ToNumber : 180
Iter : 181 --> ToRoman : CLXXXI --> ToNumber : 181
Iter : 182 --> ToRoman : CLXXXII --> ToNumber : 182
Iter : 183 --> ToRoman : CLXXXIII --> ToNumber : 183
Iter : 184 --> ToRoman : CLXXXIV --> ToNumber : 184
Iter : 185 --> ToRoman : CLXXXV --> ToNumber : 185
Iter : 186 --> ToRoman : CLXXXVI --> ToNumber : 186
Iter : 187 --> ToRoman : CLXXXVII --> ToNumber : 187
Iter : 188 --> ToRoman : CLXXXVIII --> ToNumber : 188
Iter : 189 --> ToRoman : CLXXXIX --> ToNumber : 189
Iter : 190 --> ToRoman : CXC --> ToNumber : 190
Iter : 191 --> ToRoman : CXCI --> ToNumber : 191
Iter : 192 --> ToRoman : CXCII --> ToNumber : 192
Iter : 193 --> ToRoman : CXCIII --> ToNumber : 193
Iter : 194 --> ToRoman : CXCIV --> ToNumber : 194
Iter : 195 --> ToRoman : CXCV --> ToNumber : 195
Iter : 196 --> ToRoman : CXCVI --> ToNumber : 196
Iter : 197 --> ToRoman : CXCVII --> ToNumber : 197
Iter : 198 --> ToRoman : CXCVIII --> ToNumber : 198
Iter : 199 --> ToRoman : CXCIX --> ToNumber : 199
Iter : 200 --> ToRoman : CC --> ToNumber : 200
Iter : 201 --> ToRoman : CCI --> ToNumber : 201
Iter : 202 --> ToRoman : CCII --> ToNumber : 202
Iter : 203 --> ToRoman : CCIII --> ToNumber : 203
Iter : 204 --> ToRoman : CCIV --> ToNumber : 204
Iter : 205 --> ToRoman : CCV --> ToNumber : 205
Iter : 206 --> ToRoman : CCVI --> ToNumber : 206
Iter : 207 --> ToRoman : CCVII --> ToNumber : 207
Iter : 208 --> ToRoman : CCVIII --> ToNumber : 208
Iter : 209 --> ToRoman : CCIX --> ToNumber : 209
Iter : 210 --> ToRoman : CCX --> ToNumber : 210
Iter : 211 --> ToRoman : CCXI --> ToNumber : 211
Iter : 212 --> ToRoman : CCXII --> ToNumber : 212
Iter : 213 --> ToRoman : CCXIII --> ToNumber : 213
Iter : 214 --> ToRoman : CCXIV --> ToNumber : 214
Iter : 215 --> ToRoman : CCXV --> ToNumber : 215
Iter : 216 --> ToRoman : CCXVI --> ToNumber : 216
Iter : 217 --> ToRoman : CCXVII --> ToNumber : 217
Iter : 218 --> ToRoman : CCXVIII --> ToNumber : 218
Iter : 219 --> ToRoman : CCXIX --> ToNumber : 219
Iter : 220 --> ToRoman : CCXX --> ToNumber : 220
Iter : 221 --> ToRoman : CCXXI --> ToNumber : 221
Iter : 222 --> ToRoman : CCXXII --> ToNumber : 222
Iter : 223 --> ToRoman : CCXXIII --> ToNumber : 223
Iter : 224 --> ToRoman : CCXXIV --> ToNumber : 224
Iter : 225 --> ToRoman : CCXXV --> ToNumber : 225
Iter : 226 --> ToRoman : CCXXVI --> ToNumber : 226
Iter : 227 --> ToRoman : CCXXVII --> ToNumber : 227
Iter : 228 --> ToRoman : CCXXVIII --> ToNumber : 228
Iter : 229 --> ToRoman : CCXXIX --> ToNumber : 229
Iter : 230 --> ToRoman : CCXXX --> ToNumber : 230
Iter : 231 --> ToRoman : CCXXXI --> ToNumber : 231
Iter : 232 --> ToRoman : CCXXXII --> ToNumber : 232
Iter : 233 --> ToRoman : CCXXXIII --> ToNumber : 233
Iter : 234 --> ToRoman : CCXXXIV --> ToNumber : 234
Iter : 235 --> ToRoman : CCXXXV --> ToNumber : 235
Iter : 236 --> ToRoman : CCXXXVI --> ToNumber : 236
Iter : 237 --> ToRoman : CCXXXVII --> ToNumber : 237
Iter : 238 --> ToRoman : CCXXXVIII --> ToNumber : 238
Iter : 239 --> ToRoman : CCXXXIX --> ToNumber : 239
Iter : 240 --> ToRoman : CCXL --> ToNumber : 240
Iter : 241 --> ToRoman : CCXLI --> ToNumber : 241
Iter : 242 --> ToRoman : CCXLII --> ToNumber : 242
Iter : 243 --> ToRoman : CCXLIII --> ToNumber : 243
Iter : 244 --> ToRoman : CCXLIV --> ToNumber : 244
Iter : 245 --> ToRoman : CCXLV --> ToNumber : 245
Iter : 246 --> ToRoman : CCXLVI --> ToNumber : 246
Iter : 247 --> ToRoman : CCXLVII --> ToNumber : 247
Iter : 248 --> ToRoman : CCXLVIII --> ToNumber : 248
Iter : 249 --> ToRoman : CCXLIX --> ToNumber : 249
Iter : 250 --> ToRoman : CCL --> ToNumber : 250
Iter : 251 --> ToRoman : CCLI --> ToNumber : 251
Iter : 252 --> ToRoman : CCLII --> ToNumber : 252
Iter : 253 --> ToRoman : CCLIII --> ToNumber : 253
Iter : 254 --> ToRoman : CCLIV --> ToNumber : 254
Iter : 255 --> ToRoman : CCLV --> ToNumber : 255
Iter : 256 --> ToRoman : CCLVI --> ToNumber : 256
Iter : 257 --> ToRoman : CCLVII --> ToNumber : 257
Iter : 258 --> ToRoman : CCLVIII --> ToNumber : 258
Iter : 259 --> ToRoman : CCLIX --> ToNumber : 259
Iter : 260 --> ToRoman : CCLX --> ToNumber : 260
Iter : 261 --> ToRoman : CCLXI --> ToNumber : 261
Iter : 262 --> ToRoman : CCLXII --> ToNumber : 262
Iter : 263 --> ToRoman : CCLXIII --> ToNumber : 263
Iter : 264 --> ToRoman : CCLXIV --> ToNumber : 264
Iter : 265 --> ToRoman : CCLXV --> ToNumber : 265
Iter : 266 --> ToRoman : CCLXVI --> ToNumber : 266
Iter : 267 --> ToRoman : CCLXVII --> ToNumber : 267
Iter : 268 --> ToRoman : CCLXVIII --> ToNumber : 268
Iter : 269 --> ToRoman : CCLXIX --> ToNumber : 269
Iter : 270 --> ToRoman : CCLXX --> ToNumber : 270
Iter : 271 --> ToRoman : CCLXXI --> ToNumber : 271
Iter : 272 --> ToRoman : CCLXXII --> ToNumber : 272
Iter : 273 --> ToRoman : CCLXXIII --> ToNumber : 273
Iter : 274 --> ToRoman : CCLXXIV --> ToNumber : 274
Iter : 275 --> ToRoman : CCLXXV --> ToNumber : 275
Iter : 276 --> ToRoman : CCLXXVI --> ToNumber : 276
Iter : 277 --> ToRoman : CCLXXVII --> ToNumber : 277
Iter : 278 --> ToRoman : CCLXXVIII --> ToNumber : 278
Iter : 279 --> ToRoman : CCLXXIX --> ToNumber : 279
Iter : 280 --> ToRoman : CCLXXX --> ToNumber : 280
Iter : 281 --> ToRoman : CCLXXXI --> ToNumber : 281
Iter : 282 --> ToRoman : CCLXXXII --> ToNumber : 282
Iter : 283 --> ToRoman : CCLXXXIII --> ToNumber : 283
Iter : 284 --> ToRoman : CCLXXXIV --> ToNumber : 284
Iter : 285 --> ToRoman : CCLXXXV --> ToNumber : 285
Iter : 286 --> ToRoman : CCLXXXVI --> ToNumber : 286
Iter : 287 --> ToRoman : CCLXXXVII --> ToNumber : 287
Iter : 288 --> ToRoman : CCLXXXVIII --> ToNumber : 288
Iter : 289 --> ToRoman : CCLXXXIX --> ToNumber : 289
Iter : 290 --> ToRoman : CCXC --> ToNumber : 290
Iter : 291 --> ToRoman : CCXCI --> ToNumber : 291
Iter : 292 --> ToRoman : CCXCII --> ToNumber : 292
Iter : 293 --> ToRoman : CCXCIII --> ToNumber : 293
Iter : 294 --> ToRoman : CCXCIV --> ToNumber : 294
Iter : 295 --> ToRoman : CCXCV --> ToNumber : 295
Iter : 296 --> ToRoman : CCXCVI --> ToNumber : 296
Iter : 297 --> ToRoman : CCXCVII --> ToNumber : 297
Iter : 298 --> ToRoman : CCXCVIII --> ToNumber : 298
Iter : 299 --> ToRoman : CCXCIX --> ToNumber : 299
Iter : 300 --> ToRoman : CCC --> ToNumber : 300
Iter : 301 --> ToRoman : CCCI --> ToNumber : 301
Iter : 302 --> ToRoman : CCCII --> ToNumber : 302
Iter : 303 --> ToRoman : CCCIII --> ToNumber : 303
Iter : 304 --> ToRoman : CCCIV --> ToNumber : 304
Iter : 305 --> ToRoman : CCCV --> ToNumber : 305
Iter : 306 --> ToRoman : CCCVI --> ToNumber : 306
Iter : 307 --> ToRoman : CCCVII --> ToNumber : 307
Iter : 308 --> ToRoman : CCCVIII --> ToNumber : 308
Iter : 309 --> ToRoman : CCCIX --> ToNumber : 309
Iter : 310 --> ToRoman : CCCX --> ToNumber : 310
Iter : 311 --> ToRoman : CCCXI --> ToNumber : 311
Iter : 312 --> ToRoman : CCCXII --> ToNumber : 312
Iter : 313 --> ToRoman : CCCXIII --> ToNumber : 313
Iter : 314 --> ToRoman : CCCXIV --> ToNumber : 314
Iter : 315 --> ToRoman : CCCXV --> ToNumber : 315
Iter : 316 --> ToRoman : CCCXVI --> ToNumber : 316
Iter : 317 --> ToRoman : CCCXVII --> ToNumber : 317
Iter : 318 --> ToRoman : CCCXVIII --> ToNumber : 318
Iter : 319 --> ToRoman : CCCXIX --> ToNumber : 319
Iter : 320 --> ToRoman : CCCXX --> ToNumber : 320
Iter : 321 --> ToRoman : CCCXXI --> ToNumber : 321
Iter : 322 --> ToRoman : CCCXXII --> ToNumber : 322
Iter : 323 --> ToRoman : CCCXXIII --> ToNumber : 323
Iter : 324 --> ToRoman : CCCXXIV --> ToNumber : 324
Iter : 325 --> ToRoman : CCCXXV --> ToNumber : 325
Iter : 326 --> ToRoman : CCCXXVI --> ToNumber : 326
Iter : 327 --> ToRoman : CCCXXVII --> ToNumber : 327
Iter : 328 --> ToRoman : CCCXXVIII --> ToNumber : 328
Iter : 329 --> ToRoman : CCCXXIX --> ToNumber : 329
Iter : 330 --> ToRoman : CCCXXX --> ToNumber : 330
Iter : 331 --> ToRoman : CCCXXXI --> ToNumber : 331
Iter : 332 --> ToRoman : CCCXXXII --> ToNumber : 332
Iter : 333 --> ToRoman : CCCXXXIII --> ToNumber : 333
Iter : 334 --> ToRoman : CCCXXXIV --> ToNumber : 334
Iter : 335 --> ToRoman : CCCXXXV --> ToNumber : 335
Iter : 336 --> ToRoman : CCCXXXVI --> ToNumber : 336
Iter : 337 --> ToRoman : CCCXXXVII --> ToNumber : 337
Iter : 338 --> ToRoman : CCCXXXVIII --> ToNumber : 338
Iter : 339 --> ToRoman : CCCXXXIX --> ToNumber : 339
Iter : 340 --> ToRoman : CCCXL --> ToNumber : 340
Iter : 341 --> ToRoman : CCCXLI --> ToNumber : 341
Iter : 342 --> ToRoman : CCCXLII --> ToNumber : 342
Iter : 343 --> ToRoman : CCCXLIII --> ToNumber : 343
Iter : 344 --> ToRoman : CCCXLIV --> ToNumber : 344
Iter : 345 --> ToRoman : CCCXLV --> ToNumber : 345
Iter : 346 --> ToRoman : CCCXLVI --> ToNumber : 346
Iter : 347 --> ToRoman : CCCXLVII --> ToNumber : 347
Iter : 348 --> ToRoman : CCCXLVIII --> ToNumber : 348
Iter : 349 --> ToRoman : CCCXLIX --> ToNumber : 349
Iter : 350 --> ToRoman : CCCL --> ToNumber : 350
Iter : 351 --> ToRoman : CCCLI --> ToNumber : 351
Iter : 352 --> ToRoman : CCCLII --> ToNumber : 352
Iter : 353 --> ToRoman : CCCLIII --> ToNumber : 353
Iter : 354 --> ToRoman : CCCLIV --> ToNumber : 354
Iter : 355 --> ToRoman : CCCLV --> ToNumber : 355
Iter : 356 --> ToRoman : CCCLVI --> ToNumber : 356
Iter : 357 --> ToRoman : CCCLVII --> ToNumber : 357
Iter : 358 --> ToRoman : CCCLVIII --> ToNumber : 358
Iter : 359 --> ToRoman : CCCLIX --> ToNumber : 359
Iter : 360 --> ToRoman : CCCLX --> ToNumber : 360
Iter : 361 --> ToRoman : CCCLXI --> ToNumber : 361
Iter : 362 --> ToRoman : CCCLXII --> ToNumber : 362
Iter : 363 --> ToRoman : CCCLXIII --> ToNumber : 363
Iter : 364 --> ToRoman : CCCLXIV --> ToNumber : 364
Iter : 365 --> ToRoman : CCCLXV --> ToNumber : 365
Iter : 366 --> ToRoman : CCCLXVI --> ToNumber : 366
Iter : 367 --> ToRoman : CCCLXVII --> ToNumber : 367
Iter : 368 --> ToRoman : CCCLXVIII --> ToNumber : 368
Iter : 369 --> ToRoman : CCCLXIX --> ToNumber : 369
Iter : 370 --> ToRoman : CCCLXX --> ToNumber : 370
Iter : 371 --> ToRoman : CCCLXXI --> ToNumber : 371
Iter : 372 --> ToRoman : CCCLXXII --> ToNumber : 372
Iter : 373 --> ToRoman : CCCLXXIII --> ToNumber : 373
Iter : 374 --> ToRoman : CCCLXXIV --> ToNumber : 374
Iter : 375 --> ToRoman : CCCLXXV --> ToNumber : 375
Iter : 376 --> ToRoman : CCCLXXVI --> ToNumber : 376
Iter : 377 --> ToRoman : CCCLXXVII --> ToNumber : 377
Iter : 378 --> ToRoman : CCCLXXVIII --> ToNumber : 378
Iter : 379 --> ToRoman : CCCLXXIX --> ToNumber : 379
Iter : 380 --> ToRoman : CCCLXXX --> ToNumber : 380
Iter : 381 --> ToRoman : CCCLXXXI --> ToNumber : 381
Iter : 382 --> ToRoman : CCCLXXXII --> ToNumber : 382
Iter : 383 --> ToRoman : CCCLXXXIII --> ToNumber : 383
Iter : 384 --> ToRoman : CCCLXXXIV --> ToNumber : 384
Iter : 385 --> ToRoman : CCCLXXXV --> ToNumber : 385
Iter : 386 --> ToRoman : CCCLXXXVI --> ToNumber : 386
Iter : 387 --> ToRoman : CCCLXXXVII --> ToNumber : 387
Iter : 388 --> ToRoman : CCCLXXXVIII --> ToNumber : 388
Iter : 389 --> ToRoman : CCCLXXXIX --> ToNumber : 389
Iter : 390 --> ToRoman : CCCXC --> ToNumber : 390
Iter : 391 --> ToRoman : CCCXCI --> ToNumber : 391
Iter : 392 --> ToRoman : CCCXCII --> ToNumber : 392
Iter : 393 --> ToRoman : CCCXCIII --> ToNumber : 393
Iter : 394 --> ToRoman : CCCXCIV --> ToNumber : 394
Iter : 395 --> ToRoman : CCCXCV --> ToNumber : 395
Iter : 396 --> ToRoman : CCCXCVI --> ToNumber : 396
Iter : 397 --> ToRoman : CCCXCVII --> ToNumber : 397
Iter : 398 --> ToRoman : CCCXCVIII --> ToNumber : 398
Iter : 399 --> ToRoman : CCCXCIX --> ToNumber : 399
Iter : 400 --> ToRoman : CD --> ToNumber : 400
Iter : 401 --> ToRoman : CDI --> ToNumber : 401
Iter : 402 --> ToRoman : CDII --> ToNumber : 402
Iter : 403 --> ToRoman : CDIII --> ToNumber : 403
Iter : 404 --> ToRoman : CDIV --> ToNumber : 404
Iter : 405 --> ToRoman : CDV --> ToNumber : 405
Iter : 406 --> ToRoman : CDVI --> ToNumber : 406
Iter : 407 --> ToRoman : CDVII --> ToNumber : 407
Iter : 408 --> ToRoman : CDVIII --> ToNumber : 408
Iter : 409 --> ToRoman : CDIX --> ToNumber : 409
Iter : 410 --> ToRoman : CDX --> ToNumber : 410
Iter : 411 --> ToRoman : CDXI --> ToNumber : 411
Iter : 412 --> ToRoman : CDXII --> ToNumber : 412
Iter : 413 --> ToRoman : CDXIII --> ToNumber : 413
Iter : 414 --> ToRoman : CDXIV --> ToNumber : 414
Iter : 415 --> ToRoman : CDXV --> ToNumber : 415
Iter : 416 --> ToRoman : CDXVI --> ToNumber : 416
Iter : 417 --> ToRoman : CDXVII --> ToNumber : 417
Iter : 418 --> ToRoman : CDXVIII --> ToNumber : 418
Iter : 419 --> ToRoman : CDXIX --> ToNumber : 419
Iter : 420 --> ToRoman : CDXX --> ToNumber : 420
Iter : 421 --> ToRoman : CDXXI --> ToNumber : 421
Iter : 422 --> ToRoman : CDXXII --> ToNumber : 422
Iter : 423 --> ToRoman : CDXXIII --> ToNumber : 423
Iter : 424 --> ToRoman : CDXXIV --> ToNumber : 424
Iter : 425 --> ToRoman : CDXXV --> ToNumber : 425
Iter : 426 --> ToRoman : CDXXVI --> ToNumber : 426
Iter : 427 --> ToRoman : CDXXVII --> ToNumber : 427
Iter : 428 --> ToRoman : CDXXVIII --> ToNumber : 428
Iter : 429 --> ToRoman : CDXXIX --> ToNumber : 429
Iter : 430 --> ToRoman : CDXXX --> ToNumber : 430
Iter : 431 --> ToRoman : CDXXXI --> ToNumber : 431
Iter : 432 --> ToRoman : CDXXXII --> ToNumber : 432
Iter : 433 --> ToRoman : CDXXXIII --> ToNumber : 433
Iter : 434 --> ToRoman : CDXXXIV --> ToNumber : 434
Iter : 435 --> ToRoman : CDXXXV --> ToNumber : 435
Iter : 436 --> ToRoman : CDXXXVI --> ToNumber : 436
Iter : 437 --> ToRoman : CDXXXVII --> ToNumber : 437
Iter : 438 --> ToRoman : CDXXXVIII --> ToNumber : 438
Iter : 439 --> ToRoman : CDXXXIX --> ToNumber : 439
Iter : 440 --> ToRoman : CDXL --> ToNumber : 440
Iter : 441 --> ToRoman : CDXLI --> ToNumber : 441
Iter : 442 --> ToRoman : CDXLII --> ToNumber : 442
Iter : 443 --> ToRoman : CDXLIII --> ToNumber : 443
Iter : 444 --> ToRoman : CDXLIV --> ToNumber : 444
Iter : 445 --> ToRoman : CDXLV --> ToNumber : 445
Iter : 446 --> ToRoman : CDXLVI --> ToNumber : 446
Iter : 447 --> ToRoman : CDXLVII --> ToNumber : 447
Iter : 448 --> ToRoman : CDXLVIII --> ToNumber : 448
Iter : 449 --> ToRoman : CDXLIX --> ToNumber : 449
Iter : 450 --> ToRoman : CDL --> ToNumber : 450
Iter : 451 --> ToRoman : CDLI --> ToNumber : 451
Iter : 452 --> ToRoman : CDLII --> ToNumber : 452
Iter : 453 --> ToRoman : CDLIII --> ToNumber : 453
Iter : 454 --> ToRoman : CDLIV --> ToNumber : 454
Iter : 455 --> ToRoman : CDLV --> ToNumber : 455
Iter : 456 --> ToRoman : CDLVI --> ToNumber : 456
Iter : 457 --> ToRoman : CDLVII --> ToNumber : 457
Iter : 458 --> ToRoman : CDLVIII --> ToNumber : 458
Iter : 459 --> ToRoman : CDLIX --> ToNumber : 459
Iter : 460 --> ToRoman : CDLX --> ToNumber : 460
Iter : 461 --> ToRoman : CDLXI --> ToNumber : 461
Iter : 462 --> ToRoman : CDLXII --> ToNumber : 462
Iter : 463 --> ToRoman : CDLXIII --> ToNumber : 463
Iter : 464 --> ToRoman : CDLXIV --> ToNumber : 464
Iter : 465 --> ToRoman : CDLXV --> ToNumber : 465
Iter : 466 --> ToRoman : CDLXVI --> ToNumber : 466
Iter : 467 --> ToRoman : CDLXVII --> ToNumber : 467
Iter : 468 --> ToRoman : CDLXVIII --> ToNumber : 468
Iter : 469 --> ToRoman : CDLXIX --> ToNumber : 469
Iter : 470 --> ToRoman : CDLXX --> ToNumber : 470
Iter : 471 --> ToRoman : CDLXXI --> ToNumber : 471
Iter : 472 --> ToRoman : CDLXXII --> ToNumber : 472
Iter : 473 --> ToRoman : CDLXXIII --> ToNumber : 473
Iter : 474 --> ToRoman : CDLXXIV --> ToNumber : 474
Iter : 475 --> ToRoman : CDLXXV --> ToNumber : 475
Iter : 476 --> ToRoman : CDLXXVI --> ToNumber : 476
Iter : 477 --> ToRoman : CDLXXVII --> ToNumber : 477
Iter : 478 --> ToRoman : CDLXXVIII --> ToNumber : 478
Iter : 479 --> ToRoman : CDLXXIX --> ToNumber : 479
Iter : 480 --> ToRoman : CDLXXX --> ToNumber : 480
Iter : 481 --> ToRoman : CDLXXXI --> ToNumber : 481
Iter : 482 --> ToRoman : CDLXXXII --> ToNumber : 482
Iter : 483 --> ToRoman : CDLXXXIII --> ToNumber : 483
Iter : 484 --> ToRoman : CDLXXXIV --> ToNumber : 484
Iter : 485 --> ToRoman : CDLXXXV --> ToNumber : 485
Iter : 486 --> ToRoman : CDLXXXVI --> ToNumber : 486
Iter : 487 --> ToRoman : CDLXXXVII --> ToNumber : 487
Iter : 488 --> ToRoman : CDLXXXVIII --> ToNumber : 488
Iter : 489 --> ToRoman : CDLXXXIX --> ToNumber : 489
Iter : 490 --> ToRoman : CDXC --> ToNumber : 490
Iter : 491 --> ToRoman : CDXCI --> ToNumber : 491
Iter : 492 --> ToRoman : CDXCII --> ToNumber : 492
Iter : 493 --> ToRoman : CDXCIII --> ToNumber : 493
Iter : 494 --> ToRoman : CDXCIV --> ToNumber : 494
Iter : 495 --> ToRoman : CDXCV --> ToNumber : 495
Iter : 496 --> ToRoman : CDXCVI --> ToNumber : 496
Iter : 497 --> ToRoman : CDXCVII --> ToNumber : 497
Iter : 498 --> ToRoman : CDXCVIII --> ToNumber : 498
Iter : 499 --> ToRoman : CDXCIX --> ToNumber : 499
Iter : 500 --> ToRoman : D --> ToNumber : 500
Iter : 501 --> ToRoman : DI --> ToNumber : 501
Iter : 502 --> ToRoman : DII --> ToNumber : 502
Iter : 503 --> ToRoman : DIII --> ToNumber : 503
Iter : 504 --> ToRoman : DIV --> ToNumber : 504
Iter : 505 --> ToRoman : DV --> ToNumber : 505
Iter : 506 --> ToRoman : DVI --> ToNumber : 506
Iter : 507 --> ToRoman : DVII --> ToNumber : 507
Iter : 508 --> ToRoman : DVIII --> ToNumber : 508
Iter : 509 --> ToRoman : DIX --> ToNumber : 509
Iter : 510 --> ToRoman : DX --> ToNumber : 510
Iter : 511 --> ToRoman : DXI --> ToNumber : 511
Iter : 512 --> ToRoman : DXII --> ToNumber : 512
Iter : 513 --> ToRoman : DXIII --> ToNumber : 513
Iter : 514 --> ToRoman : DXIV --> ToNumber : 514
Iter : 515 --> ToRoman : DXV --> ToNumber : 515
Iter : 516 --> ToRoman : DXVI --> ToNumber : 516
Iter : 517 --> ToRoman : DXVII --> ToNumber : 517
Iter : 518 --> ToRoman : DXVIII --> ToNumber : 518
Iter : 519 --> ToRoman : DXIX --> ToNumber : 519
Iter : 520 --> ToRoman : DXX --> ToNumber : 520
Iter : 521 --> ToRoman : DXXI --> ToNumber : 521
Iter : 522 --> ToRoman : DXXII --> ToNumber : 522
Iter : 523 --> ToRoman : DXXIII --> ToNumber : 523
Iter : 524 --> ToRoman : DXXIV --> ToNumber : 524
Iter : 525 --> ToRoman : DXXV --> ToNumber : 525
Iter : 526 --> ToRoman : DXXVI --> ToNumber : 526
Iter : 527 --> ToRoman : DXXVII --> ToNumber : 527
Iter : 528 --> ToRoman : DXXVIII --> ToNumber : 528
Iter : 529 --> ToRoman : DXXIX --> ToNumber : 529
Iter : 530 --> ToRoman : DXXX --> ToNumber : 530
Iter : 531 --> ToRoman : DXXXI --> ToNumber : 531
Iter : 532 --> ToRoman : DXXXII --> ToNumber : 532
Iter : 533 --> ToRoman : DXXXIII --> ToNumber : 533
Iter : 534 --> ToRoman : DXXXIV --> ToNumber : 534
Iter : 535 --> ToRoman : DXXXV --> ToNumber : 535
Iter : 536 --> ToRoman : DXXXVI --> ToNumber : 536
Iter : 537 --> ToRoman : DXXXVII --> ToNumber : 537
Iter : 538 --> ToRoman : DXXXVIII --> ToNumber : 538
Iter : 539 --> ToRoman : DXXXIX --> ToNumber : 539
Iter : 540 --> ToRoman : DXL --> ToNumber : 540
Iter : 541 --> ToRoman : DXLI --> ToNumber : 541
Iter : 542 --> ToRoman : DXLII --> ToNumber : 542
Iter : 543 --> ToRoman : DXLIII --> ToNumber : 543
Iter : 544 --> ToRoman : DXLIV --> ToNumber : 544
Iter : 545 --> ToRoman : DXLV --> ToNumber : 545
Iter : 546 --> ToRoman : DXLVI --> ToNumber : 546
Iter : 547 --> ToRoman : DXLVII --> ToNumber : 547
Iter : 548 --> ToRoman : DXLVIII --> ToNumber : 548
Iter : 549 --> ToRoman : DXLIX --> ToNumber : 549
Iter : 550 --> ToRoman : DL --> ToNumber : 550
Iter : 551 --> ToRoman : DLI --> ToNumber : 551
Iter : 552 --> ToRoman : DLII --> ToNumber : 552
Iter : 553 --> ToRoman : DLIII --> ToNumber : 553
Iter : 554 --> ToRoman : DLIV --> ToNumber : 554
Iter : 555 --> ToRoman : DLV --> ToNumber : 555
Iter : 556 --> ToRoman : DLVI --> ToNumber : 556
Iter : 557 --> ToRoman : DLVII --> ToNumber : 557
Iter : 558 --> ToRoman : DLVIII --> ToNumber : 558
Iter : 559 --> ToRoman : DLIX --> ToNumber : 559
Iter : 560 --> ToRoman : DLX --> ToNumber : 560
Iter : 561 --> ToRoman : DLXI --> ToNumber : 561
Iter : 562 --> ToRoman : DLXII --> ToNumber : 562
Iter : 563 --> ToRoman : DLXIII --> ToNumber : 563
Iter : 564 --> ToRoman : DLXIV --> ToNumber : 564
Iter : 565 --> ToRoman : DLXV --> ToNumber : 565
Iter : 566 --> ToRoman : DLXVI --> ToNumber : 566
Iter : 567 --> ToRoman : DLXVII --> ToNumber : 567
Iter : 568 --> ToRoman : DLXVIII --> ToNumber : 568
Iter : 569 --> ToRoman : DLXIX --> ToNumber : 569
Iter : 570 --> ToRoman : DLXX --> ToNumber : 570
Iter : 571 --> ToRoman : DLXXI --> ToNumber : 571
Iter : 572 --> ToRoman : DLXXII --> ToNumber : 572
Iter : 573 --> ToRoman : DLXXIII --> ToNumber : 573
Iter : 574 --> ToRoman : DLXXIV --> ToNumber : 574
Iter : 575 --> ToRoman : DLXXV --> ToNumber : 575
Iter : 576 --> ToRoman : DLXXVI --> ToNumber : 576
Iter : 577 --> ToRoman : DLXXVII --> ToNumber : 577
Iter : 578 --> ToRoman : DLXXVIII --> ToNumber : 578
Iter : 579 --> ToRoman : DLXXIX --> ToNumber : 579
Iter : 580 --> ToRoman : DLXXX --> ToNumber : 580
Iter : 581 --> ToRoman : DLXXXI --> ToNumber : 581
Iter : 582 --> ToRoman : DLXXXII --> ToNumber : 582
Iter : 583 --> ToRoman : DLXXXIII --> ToNumber : 583
Iter : 584 --> ToRoman : DLXXXIV --> ToNumber : 584
Iter : 585 --> ToRoman : DLXXXV --> ToNumber : 585
Iter : 586 --> ToRoman : DLXXXVI --> ToNumber : 586
Iter : 587 --> ToRoman : DLXXXVII --> ToNumber : 587
Iter : 588 --> ToRoman : DLXXXVIII --> ToNumber : 588
Iter : 589 --> ToRoman : DLXXXIX --> ToNumber : 589
Iter : 590 --> ToRoman : DXC --> ToNumber : 590
Iter : 591 --> ToRoman : DXCI --> ToNumber : 591
Iter : 592 --> ToRoman : DXCII --> ToNumber : 592
Iter : 593 --> ToRoman : DXCIII --> ToNumber : 593
Iter : 594 --> ToRoman : DXCIV --> ToNumber : 594
Iter : 595 --> ToRoman : DXCV --> ToNumber : 595
Iter : 596 --> ToRoman : DXCVI --> ToNumber : 596
Iter : 597 --> ToRoman : DXCVII --> ToNumber : 597
Iter : 598 --> ToRoman : DXCVIII --> ToNumber : 598
Iter : 599 --> ToRoman : DXCIX --> ToNumber : 599
Iter : 600 --> ToRoman : DC --> ToNumber : 600
Iter : 601 --> ToRoman : DCI --> ToNumber : 601
Iter : 602 --> ToRoman : DCII --> ToNumber : 602
Iter : 603 --> ToRoman : DCIII --> ToNumber : 603
Iter : 604 --> ToRoman : DCIV --> ToNumber : 604
Iter : 605 --> ToRoman : DCV --> ToNumber : 605
Iter : 606 --> ToRoman : DCVI --> ToNumber : 606
Iter : 607 --> ToRoman : DCVII --> ToNumber : 607
Iter : 608 --> ToRoman : DCVIII --> ToNumber : 608
Iter : 609 --> ToRoman : DCIX --> ToNumber : 609
Iter : 610 --> ToRoman : DCX --> ToNumber : 610
Iter : 611 --> ToRoman : DCXI --> ToNumber : 611
Iter : 612 --> ToRoman : DCXII --> ToNumber : 612
Iter : 613 --> ToRoman : DCXIII --> ToNumber : 613
Iter : 614 --> ToRoman : DCXIV --> ToNumber : 614
Iter : 615 --> ToRoman : DCXV --> ToNumber : 615
Iter : 616 --> ToRoman : DCXVI --> ToNumber : 616
Iter : 617 --> ToRoman : DCXVII --> ToNumber : 617
Iter : 618 --> ToRoman : DCXVIII --> ToNumber : 618
Iter : 619 --> ToRoman : DCXIX --> ToNumber : 619
Iter : 620 --> ToRoman : DCXX --> ToNumber : 620
Iter : 621 --> ToRoman : DCXXI --> ToNumber : 621
Iter : 622 --> ToRoman : DCXXII --> ToNumber : 622
Iter : 623 --> ToRoman : DCXXIII --> ToNumber : 623
Iter : 624 --> ToRoman : DCXXIV --> ToNumber : 624
Iter : 625 --> ToRoman : DCXXV --> ToNumber : 625
Iter : 626 --> ToRoman : DCXXVI --> ToNumber : 626
Iter : 627 --> ToRoman : DCXXVII --> ToNumber : 627
Iter : 628 --> ToRoman : DCXXVIII --> ToNumber : 628
Iter : 629 --> ToRoman : DCXXIX --> ToNumber : 629
Iter : 630 --> ToRoman : DCXXX --> ToNumber : 630
Iter : 631 --> ToRoman : DCXXXI --> ToNumber : 631
Iter : 632 --> ToRoman : DCXXXII --> ToNumber : 632
Iter : 633 --> ToRoman : DCXXXIII --> ToNumber : 633
Iter : 634 --> ToRoman : DCXXXIV --> ToNumber : 634
Iter : 635 --> ToRoman : DCXXXV --> ToNumber : 635
Iter : 636 --> ToRoman : DCXXXVI --> ToNumber : 636
Iter : 637 --> ToRoman : DCXXXVII --> ToNumber : 637
Iter : 638 --> ToRoman : DCXXXVIII --> ToNumber : 638
Iter : 639 --> ToRoman : DCXXXIX --> ToNumber : 639
Iter : 640 --> ToRoman : DCXL --> ToNumber : 640
Iter : 641 --> ToRoman : DCXLI --> ToNumber : 641
Iter : 642 --> ToRoman : DCXLII --> ToNumber : 642
Iter : 643 --> ToRoman : DCXLIII --> ToNumber : 643
Iter : 644 --> ToRoman : DCXLIV --> ToNumber : 644
Iter : 645 --> ToRoman : DCXLV --> ToNumber : 645
Iter : 646 --> ToRoman : DCXLVI --> ToNumber : 646
Iter : 647 --> ToRoman : DCXLVII --> ToNumber : 647
Iter : 648 --> ToRoman : DCXLVIII --> ToNumber : 648
Iter : 649 --> ToRoman : DCXLIX --> ToNumber : 649
Iter : 650 --> ToRoman : DCL --> ToNumber : 650
Iter : 651 --> ToRoman : DCLI --> ToNumber : 651
Iter : 652 --> ToRoman : DCLII --> ToNumber : 652
Iter : 653 --> ToRoman : DCLIII --> ToNumber : 653
Iter : 654 --> ToRoman : DCLIV --> ToNumber : 654
Iter : 655 --> ToRoman : DCLV --> ToNumber : 655
Iter : 656 --> ToRoman : DCLVI --> ToNumber : 656
Iter : 657 --> ToRoman : DCLVII --> ToNumber : 657
Iter : 658 --> ToRoman : DCLVIII --> ToNumber : 658
Iter : 659 --> ToRoman : DCLIX --> ToNumber : 659
Iter : 660 --> ToRoman : DCLX --> ToNumber : 660
Iter : 661 --> ToRoman : DCLXI --> ToNumber : 661
Iter : 662 --> ToRoman : DCLXII --> ToNumber : 662
Iter : 663 --> ToRoman : DCLXIII --> ToNumber : 663
Iter : 664 --> ToRoman : DCLXIV --> ToNumber : 664
Iter : 665 --> ToRoman : DCLXV --> ToNumber : 665
Iter : 666 --> ToRoman : DCLXVI --> ToNumber : 666
Iter : 667 --> ToRoman : DCLXVII --> ToNumber : 667
Iter : 668 --> ToRoman : DCLXVIII --> ToNumber : 668
Iter : 669 --> ToRoman : DCLXIX --> ToNumber : 669
Iter : 670 --> ToRoman : DCLXX --> ToNumber : 670
Iter : 671 --> ToRoman : DCLXXI --> ToNumber : 671
Iter : 672 --> ToRoman : DCLXXII --> ToNumber : 672
Iter : 673 --> ToRoman : DCLXXIII --> ToNumber : 673
Iter : 674 --> ToRoman : DCLXXIV --> ToNumber : 674
Iter : 675 --> ToRoman : DCLXXV --> ToNumber : 675
Iter : 676 --> ToRoman : DCLXXVI --> ToNumber : 676
Iter : 677 --> ToRoman : DCLXXVII --> ToNumber : 677
Iter : 678 --> ToRoman : DCLXXVIII --> ToNumber : 678
Iter : 679 --> ToRoman : DCLXXIX --> ToNumber : 679
Iter : 680 --> ToRoman : DCLXXX --> ToNumber : 680
Iter : 681 --> ToRoman : DCLXXXI --> ToNumber : 681
Iter : 682 --> ToRoman : DCLXXXII --> ToNumber : 682
Iter : 683 --> ToRoman : DCLXXXIII --> ToNumber : 683
Iter : 684 --> ToRoman : DCLXXXIV --> ToNumber : 684
Iter : 685 --> ToRoman : DCLXXXV --> ToNumber : 685
Iter : 686 --> ToRoman : DCLXXXVI --> ToNumber : 686
Iter : 687 --> ToRoman : DCLXXXVII --> ToNumber : 687
Iter : 688 --> ToRoman : DCLXXXVIII --> ToNumber : 688
Iter : 689 --> ToRoman : DCLXXXIX --> ToNumber : 689
Iter : 690 --> ToRoman : DCXC --> ToNumber : 690
Iter : 691 --> ToRoman : DCXCI --> ToNumber : 691
Iter : 692 --> ToRoman : DCXCII --> ToNumber : 692
Iter : 693 --> ToRoman : DCXCIII --> ToNumber : 693
Iter : 694 --> ToRoman : DCXCIV --> ToNumber : 694
Iter : 695 --> ToRoman : DCXCV --> ToNumber : 695
Iter : 696 --> ToRoman : DCXCVI --> ToNumber : 696
Iter : 697 --> ToRoman : DCXCVII --> ToNumber : 697
Iter : 698 --> ToRoman : DCXCVIII --> ToNumber : 698
Iter : 699 --> ToRoman : DCXCIX --> ToNumber : 699
Iter : 700 --> ToRoman : DCC --> ToNumber : 700
Iter : 701 --> ToRoman : DCCI --> ToNumber : 701
Iter : 702 --> ToRoman : DCCII --> ToNumber : 702
Iter : 703 --> ToRoman : DCCIII --> ToNumber : 703
Iter : 704 --> ToRoman : DCCIV --> ToNumber : 704
Iter : 705 --> ToRoman : DCCV --> ToNumber : 705
Iter : 706 --> ToRoman : DCCVI --> ToNumber : 706
Iter : 707 --> ToRoman : DCCVII --> ToNumber : 707
Iter : 708 --> ToRoman : DCCVIII --> ToNumber : 708
Iter : 709 --> ToRoman : DCCIX --> ToNumber : 709
Iter : 710 --> ToRoman : DCCX --> ToNumber : 710
Iter : 711 --> ToRoman : DCCXI --> ToNumber : 711
Iter : 712 --> ToRoman : DCCXII --> ToNumber : 712
Iter : 713 --> ToRoman : DCCXIII --> ToNumber : 713
Iter : 714 --> ToRoman : DCCXIV --> ToNumber : 714
Iter : 715 --> ToRoman : DCCXV --> ToNumber : 715
Iter : 716 --> ToRoman : DCCXVI --> ToNumber : 716
Iter : 717 --> ToRoman : DCCXVII --> ToNumber : 717
Iter : 718 --> ToRoman : DCCXVIII --> ToNumber : 718
Iter : 719 --> ToRoman : DCCXIX --> ToNumber : 719
Iter : 720 --> ToRoman : DCCXX --> ToNumber : 720
Iter : 721 --> ToRoman : DCCXXI --> ToNumber : 721
Iter : 722 --> ToRoman : DCCXXII --> ToNumber : 722
Iter : 723 --> ToRoman : DCCXXIII --> ToNumber : 723
Iter : 724 --> ToRoman : DCCXXIV --> ToNumber : 724
Iter : 725 --> ToRoman : DCCXXV --> ToNumber : 725
Iter : 726 --> ToRoman : DCCXXVI --> ToNumber : 726
Iter : 727 --> ToRoman : DCCXXVII --> ToNumber : 727
Iter : 728 --> ToRoman : DCCXXVIII --> ToNumber : 728
Iter : 729 --> ToRoman : DCCXXIX --> ToNumber : 729
Iter : 730 --> ToRoman : DCCXXX --> ToNumber : 730
Iter : 731 --> ToRoman : DCCXXXI --> ToNumber : 731
Iter : 732 --> ToRoman : DCCXXXII --> ToNumber : 732
Iter : 733 --> ToRoman : DCCXXXIII --> ToNumber : 733
Iter : 734 --> ToRoman : DCCXXXIV --> ToNumber : 734
Iter : 735 --> ToRoman : DCCXXXV --> ToNumber : 735
Iter : 736 --> ToRoman : DCCXXXVI --> ToNumber : 736
Iter : 737 --> ToRoman : DCCXXXVII --> ToNumber : 737
Iter : 738 --> ToRoman : DCCXXXVIII --> ToNumber : 738
Iter : 739 --> ToRoman : DCCXXXIX --> ToNumber : 739
Iter : 740 --> ToRoman : DCCXL --> ToNumber : 740
Iter : 741 --> ToRoman : DCCXLI --> ToNumber : 741
Iter : 742 --> ToRoman : DCCXLII --> ToNumber : 742
Iter : 743 --> ToRoman : DCCXLIII --> ToNumber : 743
Iter : 744 --> ToRoman : DCCXLIV --> ToNumber : 744
Iter : 745 --> ToRoman : DCCXLV --> ToNumber : 745
Iter : 746 --> ToRoman : DCCXLVI --> ToNumber : 746
Iter : 747 --> ToRoman : DCCXLVII --> ToNumber : 747
Iter : 748 --> ToRoman : DCCXLVIII --> ToNumber : 748
Iter : 749 --> ToRoman : DCCXLIX --> ToNumber : 749
Iter : 750 --> ToRoman : DCCL --> ToNumber : 750
Iter : 751 --> ToRoman : DCCLI --> ToNumber : 751
Iter : 752 --> ToRoman : DCCLII --> ToNumber : 752
Iter : 753 --> ToRoman : DCCLIII --> ToNumber : 753
Iter : 754 --> ToRoman : DCCLIV --> ToNumber : 754
Iter : 755 --> ToRoman : DCCLV --> ToNumber : 755
Iter : 756 --> ToRoman : DCCLVI --> ToNumber : 756
Iter : 757 --> ToRoman : DCCLVII --> ToNumber : 757
Iter : 758 --> ToRoman : DCCLVIII --> ToNumber : 758
Iter : 759 --> ToRoman : DCCLIX --> ToNumber : 759
Iter : 760 --> ToRoman : DCCLX --> ToNumber : 760
Iter : 761 --> ToRoman : DCCLXI --> ToNumber : 761
Iter : 762 --> ToRoman : DCCLXII --> ToNumber : 762
Iter : 763 --> ToRoman : DCCLXIII --> ToNumber : 763
Iter : 764 --> ToRoman : DCCLXIV --> ToNumber : 764
Iter : 765 --> ToRoman : DCCLXV --> ToNumber : 765
Iter : 766 --> ToRoman : DCCLXVI --> ToNumber : 766
Iter : 767 --> ToRoman : DCCLXVII --> ToNumber : 767
Iter : 768 --> ToRoman : DCCLXVIII --> ToNumber : 768
Iter : 769 --> ToRoman : DCCLXIX --> ToNumber : 769
Iter : 770 --> ToRoman : DCCLXX --> ToNumber : 770
Iter : 771 --> ToRoman : DCCLXXI --> ToNumber : 771
Iter : 772 --> ToRoman : DCCLXXII --> ToNumber : 772
Iter : 773 --> ToRoman : DCCLXXIII --> ToNumber : 773
Iter : 774 --> ToRoman : DCCLXXIV --> ToNumber : 774
Iter : 775 --> ToRoman : DCCLXXV --> ToNumber : 775
Iter : 776 --> ToRoman : DCCLXXVI --> ToNumber : 776
Iter : 777 --> ToRoman : DCCLXXVII --> ToNumber : 777
Iter : 778 --> ToRoman : DCCLXXVIII --> ToNumber : 778
Iter : 779 --> ToRoman : DCCLXXIX --> ToNumber : 779
Iter : 780 --> ToRoman : DCCLXXX --> ToNumber : 780
Iter : 781 --> ToRoman : DCCLXXXI --> ToNumber : 781
Iter : 782 --> ToRoman : DCCLXXXII --> ToNumber : 782
Iter : 783 --> ToRoman : DCCLXXXIII --> ToNumber : 783
Iter : 784 --> ToRoman : DCCLXXXIV --> ToNumber : 784
Iter : 785 --> ToRoman : DCCLXXXV --> ToNumber : 785
Iter : 786 --> ToRoman : DCCLXXXVI --> ToNumber : 786
Iter : 787 --> ToRoman : DCCLXXXVII --> ToNumber : 787
Iter : 788 --> ToRoman : DCCLXXXVIII --> ToNumber : 788
Iter : 789 --> ToRoman : DCCLXXXIX --> ToNumber : 789
Iter : 790 --> ToRoman : DCCXC --> ToNumber : 790
Iter : 791 --> ToRoman : DCCXCI --> ToNumber : 791
Iter : 792 --> ToRoman : DCCXCII --> ToNumber : 792
Iter : 793 --> ToRoman : DCCXCIII --> ToNumber : 793
Iter : 794 --> ToRoman : DCCXCIV --> ToNumber : 794
Iter : 795 --> ToRoman : DCCXCV --> ToNumber : 795
Iter : 796 --> ToRoman : DCCXCVI --> ToNumber : 796
Iter : 797 --> ToRoman : DCCXCVII --> ToNumber : 797
Iter : 798 --> ToRoman : DCCXCVIII --> ToNumber : 798
Iter : 799 --> ToRoman : DCCXCIX --> ToNumber : 799
Iter : 800 --> ToRoman : DCCC --> ToNumber : 800
Iter : 801 --> ToRoman : DCCCI --> ToNumber : 801
Iter : 802 --> ToRoman : DCCCII --> ToNumber : 802
Iter : 803 --> ToRoman : DCCCIII --> ToNumber : 803
Iter : 804 --> ToRoman : DCCCIV --> ToNumber : 804
Iter : 805 --> ToRoman : DCCCV --> ToNumber : 805
Iter : 806 --> ToRoman : DCCCVI --> ToNumber : 806
Iter : 807 --> ToRoman : DCCCVII --> ToNumber : 807
Iter : 808 --> ToRoman : DCCCVIII --> ToNumber : 808
Iter : 809 --> ToRoman : DCCCIX --> ToNumber : 809
Iter : 810 --> ToRoman : DCCCX --> ToNumber : 810
Iter : 811 --> ToRoman : DCCCXI --> ToNumber : 811
Iter : 812 --> ToRoman : DCCCXII --> ToNumber : 812
Iter : 813 --> ToRoman : DCCCXIII --> ToNumber : 813
Iter : 814 --> ToRoman : DCCCXIV --> ToNumber : 814
Iter : 815 --> ToRoman : DCCCXV --> ToNumber : 815
Iter : 816 --> ToRoman : DCCCXVI --> ToNumber : 816
Iter : 817 --> ToRoman : DCCCXVII --> ToNumber : 817
Iter : 818 --> ToRoman : DCCCXVIII --> ToNumber : 818
Iter : 819 --> ToRoman : DCCCXIX --> ToNumber : 819
Iter : 820 --> ToRoman : DCCCXX --> ToNumber : 820
Iter : 821 --> ToRoman : DCCCXXI --> ToNumber : 821
Iter : 822 --> ToRoman : DCCCXXII --> ToNumber : 822
Iter : 823 --> ToRoman : DCCCXXIII --> ToNumber : 823
Iter : 824 --> ToRoman : DCCCXXIV --> ToNumber : 824
Iter : 825 --> ToRoman : DCCCXXV --> ToNumber : 825
Iter : 826 --> ToRoman : DCCCXXVI --> ToNumber : 826
Iter : 827 --> ToRoman : DCCCXXVII --> ToNumber : 827
Iter : 828 --> ToRoman : DCCCXXVIII --> ToNumber : 828
Iter : 829 --> ToRoman : DCCCXXIX --> ToNumber : 829
Iter : 830 --> ToRoman : DCCCXXX --> ToNumber : 830
Iter : 831 --> ToRoman : DCCCXXXI --> ToNumber : 831
Iter : 832 --> ToRoman : DCCCXXXII --> ToNumber : 832
Iter : 833 --> ToRoman : DCCCXXXIII --> ToNumber : 833
Iter : 834 --> ToRoman : DCCCXXXIV --> ToNumber : 834
Iter : 835 --> ToRoman : DCCCXXXV --> ToNumber : 835
Iter : 836 --> ToRoman : DCCCXXXVI --> ToNumber : 836
Iter : 837 --> ToRoman : DCCCXXXVII --> ToNumber : 837
Iter : 838 --> ToRoman : DCCCXXXVIII --> ToNumber : 838
Iter : 839 --> ToRoman : DCCCXXXIX --> ToNumber : 839
Iter : 840 --> ToRoman : DCCCXL --> ToNumber : 840
Iter : 841 --> ToRoman : DCCCXLI --> ToNumber : 841
Iter : 842 --> ToRoman : DCCCXLII --> ToNumber : 842
Iter : 843 --> ToRoman : DCCCXLIII --> ToNumber : 843
Iter : 844 --> ToRoman : DCCCXLIV --> ToNumber : 844
Iter : 845 --> ToRoman : DCCCXLV --> ToNumber : 845
Iter : 846 --> ToRoman : DCCCXLVI --> ToNumber : 846
Iter : 847 --> ToRoman : DCCCXLVII --> ToNumber : 847
Iter : 848 --> ToRoman : DCCCXLVIII --> ToNumber : 848
Iter : 849 --> ToRoman : DCCCXLIX --> ToNumber : 849
Iter : 850 --> ToRoman : DCCCL --> ToNumber : 850
Iter : 851 --> ToRoman : DCCCLI --> ToNumber : 851
Iter : 852 --> ToRoman : DCCCLII --> ToNumber : 852
Iter : 853 --> ToRoman : DCCCLIII --> ToNumber : 853
Iter : 854 --> ToRoman : DCCCLIV --> ToNumber : 854
Iter : 855 --> ToRoman : DCCCLV --> ToNumber : 855
Iter : 856 --> ToRoman : DCCCLVI --> ToNumber : 856
Iter : 857 --> ToRoman : DCCCLVII --> ToNumber : 857
Iter : 858 --> ToRoman : DCCCLVIII --> ToNumber : 858
Iter : 859 --> ToRoman : DCCCLIX --> ToNumber : 859
Iter : 860 --> ToRoman : DCCCLX --> ToNumber : 860
Iter : 861 --> ToRoman : DCCCLXI --> ToNumber : 861
Iter : 862 --> ToRoman : DCCCLXII --> ToNumber : 862
Iter : 863 --> ToRoman : DCCCLXIII --> ToNumber : 863
Iter : 864 --> ToRoman : DCCCLXIV --> ToNumber : 864
Iter : 865 --> ToRoman : DCCCLXV --> ToNumber : 865
Iter : 866 --> ToRoman : DCCCLXVI --> ToNumber : 866
Iter : 867 --> ToRoman : DCCCLXVII --> ToNumber : 867
Iter : 868 --> ToRoman : DCCCLXVIII --> ToNumber : 868
Iter : 869 --> ToRoman : DCCCLXIX --> ToNumber : 869
Iter : 870 --> ToRoman : DCCCLXX --> ToNumber : 870
Iter : 871 --> ToRoman : DCCCLXXI --> ToNumber : 871
Iter : 872 --> ToRoman : DCCCLXXII --> ToNumber : 872
Iter : 873 --> ToRoman : DCCCLXXIII --> ToNumber : 873
Iter : 874 --> ToRoman : DCCCLXXIV --> ToNumber : 874
Iter : 875 --> ToRoman : DCCCLXXV --> ToNumber : 875
Iter : 876 --> ToRoman : DCCCLXXVI --> ToNumber : 876
Iter : 877 --> ToRoman : DCCCLXXVII --> ToNumber : 877
Iter : 878 --> ToRoman : DCCCLXXVIII --> ToNumber : 878
Iter : 879 --> ToRoman : DCCCLXXIX --> ToNumber : 879
Iter : 880 --> ToRoman : DCCCLXXX --> ToNumber : 880
Iter : 881 --> ToRoman : DCCCLXXXI --> ToNumber : 881
Iter : 882 --> ToRoman : DCCCLXXXII --> ToNumber : 882
Iter : 883 --> ToRoman : DCCCLXXXIII --> ToNumber : 883
Iter : 884 --> ToRoman : DCCCLXXXIV --> ToNumber : 884
Iter : 885 --> ToRoman : DCCCLXXXV --> ToNumber : 885
Iter : 886 --> ToRoman : DCCCLXXXVI --> ToNumber : 886
Iter : 887 --> ToRoman : DCCCLXXXVII --> ToNumber : 887
Iter : 888 --> ToRoman : DCCCLXXXVIII --> ToNumber : 888
Iter : 889 --> ToRoman : DCCCLXXXIX --> ToNumber : 889
Iter : 890 --> ToRoman : DCCCXC --> ToNumber : 890
Iter : 891 --> ToRoman : DCCCXCI --> ToNumber : 891
Iter : 892 --> ToRoman : DCCCXCII --> ToNumber : 892
Iter : 893 --> ToRoman : DCCCXCIII --> ToNumber : 893
Iter : 894 --> ToRoman : DCCCXCIV --> ToNumber : 894
Iter : 895 --> ToRoman : DCCCXCV --> ToNumber : 895
Iter : 896 --> ToRoman : DCCCXCVI --> ToNumber : 896
Iter : 897 --> ToRoman : DCCCXCVII --> ToNumber : 897
Iter : 898 --> ToRoman : DCCCXCVIII --> ToNumber : 898
Iter : 899 --> ToRoman : DCCCXCIX --> ToNumber : 899
Iter : 900 --> ToRoman : CM --> ToNumber : 900
Iter : 901 --> ToRoman : CMI --> ToNumber : 901
Iter : 902 --> ToRoman : CMII --> ToNumber : 902
Iter : 903 --> ToRoman : CMIII --> ToNumber : 903
Iter : 904 --> ToRoman : CMIV --> ToNumber : 904
Iter : 905 --> ToRoman : CMV --> ToNumber : 905
Iter : 906 --> ToRoman : CMVI --> ToNumber : 906
Iter : 907 --> ToRoman : CMVII --> ToNumber : 907
Iter : 908 --> ToRoman : CMVIII --> ToNumber : 908
Iter : 909 --> ToRoman : CMIX --> ToNumber : 909
Iter : 910 --> ToRoman : CMX --> ToNumber : 910
Iter : 911 --> ToRoman : CMXI --> ToNumber : 911
Iter : 912 --> ToRoman : CMXII --> ToNumber : 912
Iter : 913 --> ToRoman : CMXIII --> ToNumber : 913
Iter : 914 --> ToRoman : CMXIV --> ToNumber : 914
Iter : 915 --> ToRoman : CMXV --> ToNumber : 915
Iter : 916 --> ToRoman : CMXVI --> ToNumber : 916
Iter : 917 --> ToRoman : CMXVII --> ToNumber : 917
Iter : 918 --> ToRoman : CMXVIII --> ToNumber : 918
Iter : 919 --> ToRoman : CMXIX --> ToNumber : 919
Iter : 920 --> ToRoman : CMXX --> ToNumber : 920
Iter : 921 --> ToRoman : CMXXI --> ToNumber : 921
Iter : 922 --> ToRoman : CMXXII --> ToNumber : 922
Iter : 923 --> ToRoman : CMXXIII --> ToNumber : 923
Iter : 924 --> ToRoman : CMXXIV --> ToNumber : 924
Iter : 925 --> ToRoman : CMXXV --> ToNumber : 925
Iter : 926 --> ToRoman : CMXXVI --> ToNumber : 926
Iter : 927 --> ToRoman : CMXXVII --> ToNumber : 927
Iter : 928 --> ToRoman : CMXXVIII --> ToNumber : 928
Iter : 929 --> ToRoman : CMXXIX --> ToNumber : 929
Iter : 930 --> ToRoman : CMXXX --> ToNumber : 930
Iter : 931 --> ToRoman : CMXXXI --> ToNumber : 931
Iter : 932 --> ToRoman : CMXXXII --> ToNumber : 932
Iter : 933 --> ToRoman : CMXXXIII --> ToNumber : 933
Iter : 934 --> ToRoman : CMXXXIV --> ToNumber : 934
Iter : 935 --> ToRoman : CMXXXV --> ToNumber : 935
Iter : 936 --> ToRoman : CMXXXVI --> ToNumber : 936
Iter : 937 --> ToRoman : CMXXXVII --> ToNumber : 937
Iter : 938 --> ToRoman : CMXXXVIII --> ToNumber : 938
Iter : 939 --> ToRoman : CMXXXIX --> ToNumber : 939
Iter : 940 --> ToRoman : CMXL --> ToNumber : 940
Iter : 941 --> ToRoman : CMXLI --> ToNumber : 941
Iter : 942 --> ToRoman : CMXLII --> ToNumber : 942
Iter : 943 --> ToRoman : CMXLIII --> ToNumber : 943
Iter : 944 --> ToRoman : CMXLIV --> ToNumber : 944
Iter : 945 --> ToRoman : CMXLV --> ToNumber : 945
Iter : 946 --> ToRoman : CMXLVI --> ToNumber : 946
Iter : 947 --> ToRoman : CMXLVII --> ToNumber : 947
Iter : 948 --> ToRoman : CMXLVIII --> ToNumber : 948
Iter : 949 --> ToRoman : CMXLIX --> ToNumber : 949
Iter : 950 --> ToRoman : CML --> ToNumber : 950
Iter : 951 --> ToRoman : CMLI --> ToNumber : 951
Iter : 952 --> ToRoman : CMLII --> ToNumber : 952
Iter : 953 --> ToRoman : CMLIII --> ToNumber : 953
Iter : 954 --> ToRoman : CMLIV --> ToNumber : 954
Iter : 955 --> ToRoman : CMLV --> ToNumber : 955
Iter : 956 --> ToRoman : CMLVI --> ToNumber : 956
Iter : 957 --> ToRoman : CMLVII --> ToNumber : 957
Iter : 958 --> ToRoman : CMLVIII --> ToNumber : 958
Iter : 959 --> ToRoman : CMLIX --> ToNumber : 959
Iter : 960 --> ToRoman : CMLX --> ToNumber : 960
Iter : 961 --> ToRoman : CMLXI --> ToNumber : 961
Iter : 962 --> ToRoman : CMLXII --> ToNumber : 962
Iter : 963 --> ToRoman : CMLXIII --> ToNumber : 963
Iter : 964 --> ToRoman : CMLXIV --> ToNumber : 964
Iter : 965 --> ToRoman : CMLXV --> ToNumber : 965
Iter : 966 --> ToRoman : CMLXVI --> ToNumber : 966
Iter : 967 --> ToRoman : CMLXVII --> ToNumber : 967
Iter : 968 --> ToRoman : CMLXVIII --> ToNumber : 968
Iter : 969 --> ToRoman : CMLXIX --> ToNumber : 969
Iter : 970 --> ToRoman : CMLXX --> ToNumber : 970
Iter : 971 --> ToRoman : CMLXXI --> ToNumber : 971
Iter : 972 --> ToRoman : CMLXXII --> ToNumber : 972
Iter : 973 --> ToRoman : CMLXXIII --> ToNumber : 973
Iter : 974 --> ToRoman : CMLXXIV --> ToNumber : 974
Iter : 975 --> ToRoman : CMLXXV --> ToNumber : 975
Iter : 976 --> ToRoman : CMLXXVI --> ToNumber : 976
Iter : 977 --> ToRoman : CMLXXVII --> ToNumber : 977
Iter : 978 --> ToRoman : CMLXXVIII --> ToNumber : 978
Iter : 979 --> ToRoman : CMLXXIX --> ToNumber : 979
Iter : 980 --> ToRoman : CMLXXX --> ToNumber : 980
Iter : 981 --> ToRoman : CMLXXXI --> ToNumber : 981
Iter : 982 --> ToRoman : CMLXXXII --> ToNumber : 982
Iter : 983 --> ToRoman : CMLXXXIII --> ToNumber : 983
Iter : 984 --> ToRoman : CMLXXXIV --> ToNumber : 984
Iter : 985 --> ToRoman : CMLXXXV --> ToNumber : 985
Iter : 986 --> ToRoman : CMLXXXVI --> ToNumber : 986
Iter : 987 --> ToRoman : CMLXXXVII --> ToNumber : 987
Iter : 988 --> ToRoman : CMLXXXVIII --> ToNumber : 988
Iter : 989 --> ToRoman : CMLXXXIX --> ToNumber : 989
Iter : 990 --> ToRoman : CMXC --> ToNumber : 990
Iter : 991 --> ToRoman : CMXCI --> ToNumber : 991
Iter : 992 --> ToRoman : CMXCII --> ToNumber : 992
Iter : 993 --> ToRoman : CMXCIII --> ToNumber : 993
Iter : 994 --> ToRoman : CMXCIV --> ToNumber : 994
Iter : 995 --> ToRoman : CMXCV --> ToNumber : 995
Iter : 996 --> ToRoman : CMXCVI --> ToNumber : 996
Iter : 997 --> ToRoman : CMXCVII --> ToNumber : 997
Iter : 998 --> ToRoman : CMXCVIII --> ToNumber : 998
Iter : 999 --> ToRoman : CMXCIX --> ToNumber : 999
Iter : 1000 --> ToRoman : M --> ToNumber : 1000
Iter : 1001 --> ToRoman : MI --> ToNumber : 1001
Iter : 1002 --> ToRoman : MII --> ToNumber : 1002
Iter : 1003 --> ToRoman : MIII --> ToNumber : 1003
Iter : 1004 --> ToRoman : MIV --> ToNumber : 1004
Iter : 1005 --> ToRoman : MV --> ToNumber : 1005
Iter : 1006 --> ToRoman : MVI --> ToNumber : 1006
Iter : 1007 --> ToRoman : MVII --> ToNumber : 1007
Iter : 1008 --> ToRoman : MVIII --> ToNumber : 1008
Iter : 1009 --> ToRoman : MIX --> ToNumber : 1009
Iter : 1010 --> ToRoman : MX --> ToNumber : 1010
Iter : 1011 --> ToRoman : MXI --> ToNumber : 1011
Iter : 1012 --> ToRoman : MXII --> ToNumber : 1012
Iter : 1013 --> ToRoman : MXIII --> ToNumber : 1013
Iter : 1014 --> ToRoman : MXIV --> ToNumber : 1014
Iter : 1015 --> ToRoman : MXV --> ToNumber : 1015
Iter : 1016 --> ToRoman : MXVI --> ToNumber : 1016
Iter : 1017 --> ToRoman : MXVII --> ToNumber : 1017
Iter : 1018 --> ToRoman : MXVIII --> ToNumber : 1018
Iter : 1019 --> ToRoman : MXIX --> ToNumber : 1019
Iter : 1020 --> ToRoman : MXX --> ToNumber : 1020
Iter : 1021 --> ToRoman : MXXI --> ToNumber : 1021
Iter : 1022 --> ToRoman : MXXII --> ToNumber : 1022
Iter : 1023 --> ToRoman : MXXIII --> ToNumber : 1023
Iter : 1024 --> ToRoman : MXXIV --> ToNumber : 1024
Iter : 1025 --> ToRoman : MXXV --> ToNumber : 1025
Iter : 1026 --> ToRoman : MXXVI --> ToNumber : 1026
Iter : 1027 --> ToRoman : MXXVII --> ToNumber : 1027
Iter : 1028 --> ToRoman : MXXVIII --> ToNumber : 1028
Iter : 1029 --> ToRoman : MXXIX --> ToNumber : 1029
Iter : 1030 --> ToRoman : MXXX --> ToNumber : 1030
Iter : 1031 --> ToRoman : MXXXI --> ToNumber : 1031
Iter : 1032 --> ToRoman : MXXXII --> ToNumber : 1032
Iter : 1033 --> ToRoman : MXXXIII --> ToNumber : 1033
Iter : 1034 --> ToRoman : MXXXIV --> ToNumber : 1034
Iter : 1035 --> ToRoman : MXXXV --> ToNumber : 1035
Iter : 1036 --> ToRoman : MXXXVI --> ToNumber : 1036
Iter : 1037 --> ToRoman : MXXXVII --> ToNumber : 1037
Iter : 1038 --> ToRoman : MXXXVIII --> ToNumber : 1038
Iter : 1039 --> ToRoman : MXXXIX --> ToNumber : 1039
Iter : 1040 --> ToRoman : MXL --> ToNumber : 1040
Iter : 1041 --> ToRoman : MXLI --> ToNumber : 1041
Iter : 1042 --> ToRoman : MXLII --> ToNumber : 1042
Iter : 1043 --> ToRoman : MXLIII --> ToNumber : 1043
Iter : 1044 --> ToRoman : MXLIV --> ToNumber : 1044
Iter : 1045 --> ToRoman : MXLV --> ToNumber : 1045
Iter : 1046 --> ToRoman : MXLVI --> ToNumber : 1046
Iter : 1047 --> ToRoman : MXLVII --> ToNumber : 1047
Iter : 1048 --> ToRoman : MXLVIII --> ToNumber : 1048
Iter : 1049 --> ToRoman : MXLIX --> ToNumber : 1049
Iter : 1050 --> ToRoman : ML --> ToNumber : 1050
Iter : 1051 --> ToRoman : MLI --> ToNumber : 1051
Iter : 1052 --> ToRoman : MLII --> ToNumber : 1052
Iter : 1053 --> ToRoman : MLIII --> ToNumber : 1053
Iter : 1054 --> ToRoman : MLIV --> ToNumber : 1054
Iter : 1055 --> ToRoman : MLV --> ToNumber : 1055
Iter : 1056 --> ToRoman : MLVI --> ToNumber : 1056
Iter : 1057 --> ToRoman : MLVII --> ToNumber : 1057
Iter : 1058 --> ToRoman : MLVIII --> ToNumber : 1058
Iter : 1059 --> ToRoman : MLIX --> ToNumber : 1059
Iter : 1060 --> ToRoman : MLX --> ToNumber : 1060
Iter : 1061 --> ToRoman : MLXI --> ToNumber : 1061
Iter : 1062 --> ToRoman : MLXII --> ToNumber : 1062
Iter : 1063 --> ToRoman : MLXIII --> ToNumber : 1063
Iter : 1064 --> ToRoman : MLXIV --> ToNumber : 1064
Iter : 1065 --> ToRoman : MLXV --> ToNumber : 1065
Iter : 1066 --> ToRoman : MLXVI --> ToNumber : 1066
Iter : 1067 --> ToRoman : MLXVII --> ToNumber : 1067
Iter : 1068 --> ToRoman : MLXVIII --> ToNumber : 1068
Iter : 1069 --> ToRoman : MLXIX --> ToNumber : 1069
Iter : 1070 --> ToRoman : MLXX --> ToNumber : 1070
Iter : 1071 --> ToRoman : MLXXI --> ToNumber : 1071
Iter : 1072 --> ToRoman : MLXXII --> ToNumber : 1072
Iter : 1073 --> ToRoman : MLXXIII --> ToNumber : 1073
Iter : 1074 --> ToRoman : MLXXIV --> ToNumber : 1074
Iter : 1075 --> ToRoman : MLXXV --> ToNumber : 1075
Iter : 1076 --> ToRoman : MLXXVI --> ToNumber : 1076
Iter : 1077 --> ToRoman : MLXXVII --> ToNumber : 1077
Iter : 1078 --> ToRoman : MLXXVIII --> ToNumber : 1078
Iter : 1079 --> ToRoman : MLXXIX --> ToNumber : 1079
Iter : 1080 --> ToRoman : MLXXX --> ToNumber : 1080
Iter : 1081 --> ToRoman : MLXXXI --> ToNumber : 1081
Iter : 1082 --> ToRoman : MLXXXII --> ToNumber : 1082
Iter : 1083 --> ToRoman : MLXXXIII --> ToNumber : 1083
Iter : 1084 --> ToRoman : MLXXXIV --> ToNumber : 1084
Iter : 1085 --> ToRoman : MLXXXV --> ToNumber : 1085
Iter : 1086 --> ToRoman : MLXXXVI --> ToNumber : 1086
Iter : 1087 --> ToRoman : MLXXXVII --> ToNumber : 1087
Iter : 1088 --> ToRoman : MLXXXVIII --> ToNumber : 1088
Iter : 1089 --> ToRoman : MLXXXIX --> ToNumber : 1089
Iter : 1090 --> ToRoman : MXC --> ToNumber : 1090
Iter : 1091 --> ToRoman : MXCI --> ToNumber : 1091
Iter : 1092 --> ToRoman : MXCII --> ToNumber : 1092
Iter : 1093 --> ToRoman : MXCIII --> ToNumber : 1093
Iter : 1094 --> ToRoman : MXCIV --> ToNumber : 1094
Iter : 1095 --> ToRoman : MXCV --> ToNumber : 1095
Iter : 1096 --> ToRoman : MXCVI --> ToNumber : 1096
Iter : 1097 --> ToRoman : MXCVII --> ToNumber : 1097
Iter : 1098 --> ToRoman : MXCVIII --> ToNumber : 1098
Iter : 1099 --> ToRoman : MXCIX --> ToNumber : 1099
Iter : 1100 --> ToRoman : MC --> ToNumber : 1100
Iter : 1101 --> ToRoman : MCI --> ToNumber : 1101
Iter : 1102 --> ToRoman : MCII --> ToNumber : 1102
Iter : 1103 --> ToRoman : MCIII --> ToNumber : 1103
Iter : 1104 --> ToRoman : MCIV --> ToNumber : 1104
Iter : 1105 --> ToRoman : MCV --> ToNumber : 1105
Iter : 1106 --> ToRoman : MCVI --> ToNumber : 1106
Iter : 1107 --> ToRoman : MCVII --> ToNumber : 1107
Iter : 1108 --> ToRoman : MCVIII --> ToNumber : 1108
Iter : 1109 --> ToRoman : MCIX --> ToNumber : 1109
Iter : 1110 --> ToRoman : MCX --> ToNumber : 1110
Iter : 1111 --> ToRoman : MCXI --> ToNumber : 1111
Iter : 1112 --> ToRoman : MCXII --> ToNumber : 1112
Iter : 1113 --> ToRoman : MCXIII --> ToNumber : 1113
Iter : 1114 --> ToRoman : MCXIV --> ToNumber : 1114
Iter : 1115 --> ToRoman : MCXV --> ToNumber : 1115
Iter : 1116 --> ToRoman : MCXVI --> ToNumber : 1116
Iter : 1117 --> ToRoman : MCXVII --> ToNumber : 1117
Iter : 1118 --> ToRoman : MCXVIII --> ToNumber : 1118
Iter : 1119 --> ToRoman : MCXIX --> ToNumber : 1119
Iter : 1120 --> ToRoman : MCXX --> ToNumber : 1120
Iter : 1121 --> ToRoman : MCXXI --> ToNumber : 1121
Iter : 1122 --> ToRoman : MCXXII --> ToNumber : 1122
Iter : 1123 --> ToRoman : MCXXIII --> ToNumber : 1123
Iter : 1124 --> ToRoman : MCXXIV --> ToNumber : 1124
Iter : 1125 --> ToRoman : MCXXV --> ToNumber : 1125
Iter : 1126 --> ToRoman : MCXXVI --> ToNumber : 1126
Iter : 1127 --> ToRoman : MCXXVII --> ToNumber : 1127
Iter : 1128 --> ToRoman : MCXXVIII --> ToNumber : 1128
Iter : 1129 --> ToRoman : MCXXIX --> ToNumber : 1129
Iter : 1130 --> ToRoman : MCXXX --> ToNumber : 1130
Iter : 1131 --> ToRoman : MCXXXI --> ToNumber : 1131
Iter : 1132 --> ToRoman : MCXXXII --> ToNumber : 1132
Iter : 1133 --> ToRoman : MCXXXIII --> ToNumber : 1133
Iter : 1134 --> ToRoman : MCXXXIV --> ToNumber : 1134
Iter : 1135 --> ToRoman : MCXXXV --> ToNumber : 1135
Iter : 1136 --> ToRoman : MCXXXVI --> ToNumber : 1136
Iter : 1137 --> ToRoman : MCXXXVII --> ToNumber : 1137
Iter : 1138 --> ToRoman : MCXXXVIII --> ToNumber : 1138
Iter : 1139 --> ToRoman : MCXXXIX --> ToNumber : 1139
Iter : 1140 --> ToRoman : MCXL --> ToNumber : 1140
Iter : 1141 --> ToRoman : MCXLI --> ToNumber : 1141
Iter : 1142 --> ToRoman : MCXLII --> ToNumber : 1142
Iter : 1143 --> ToRoman : MCXLIII --> ToNumber : 1143
Iter : 1144 --> ToRoman : MCXLIV --> ToNumber : 1144
Iter : 1145 --> ToRoman : MCXLV --> ToNumber : 1145
Iter : 1146 --> ToRoman : MCXLVI --> ToNumber : 1146
Iter : 1147 --> ToRoman : MCXLVII --> ToNumber : 1147
Iter : 1148 --> ToRoman : MCXLVIII --> ToNumber : 1148
Iter : 1149 --> ToRoman : MCXLIX --> ToNumber : 1149
Iter : 1150 --> ToRoman : MCL --> ToNumber : 1150
Iter : 1151 --> ToRoman : MCLI --> ToNumber : 1151
Iter : 1152 --> ToRoman : MCLII --> ToNumber : 1152
Iter : 1153 --> ToRoman : MCLIII --> ToNumber : 1153
Iter : 1154 --> ToRoman : MCLIV --> ToNumber : 1154
Iter : 1155 --> ToRoman : MCLV --> ToNumber : 1155
Iter : 1156 --> ToRoman : MCLVI --> ToNumber : 1156
Iter : 1157 --> ToRoman : MCLVII --> ToNumber : 1157
Iter : 1158 --> ToRoman : MCLVIII --> ToNumber : 1158
Iter : 1159 --> ToRoman : MCLIX --> ToNumber : 1159
Iter : 1160 --> ToRoman : MCLX --> ToNumber : 1160
Iter : 1161 --> ToRoman : MCLXI --> ToNumber : 1161
Iter : 1162 --> ToRoman : MCLXII --> ToNumber : 1162
Iter : 1163 --> ToRoman : MCLXIII --> ToNumber : 1163
Iter : 1164 --> ToRoman : MCLXIV --> ToNumber : 1164
Iter : 1165 --> ToRoman : MCLXV --> ToNumber : 1165
Iter : 1166 --> ToRoman : MCLXVI --> ToNumber : 1166
Iter : 1167 --> ToRoman : MCLXVII --> ToNumber : 1167
Iter : 1168 --> ToRoman : MCLXVIII --> ToNumber : 1168
Iter : 1169 --> ToRoman : MCLXIX --> ToNumber : 1169
Iter : 1170 --> ToRoman : MCLXX --> ToNumber : 1170
Iter : 1171 --> ToRoman : MCLXXI --> ToNumber : 1171
Iter : 1172 --> ToRoman : MCLXXII --> ToNumber : 1172
Iter : 1173 --> ToRoman : MCLXXIII --> ToNumber : 1173
Iter : 1174 --> ToRoman : MCLXXIV --> ToNumber : 1174
Iter : 1175 --> ToRoman : MCLXXV --> ToNumber : 1175
Iter : 1176 --> ToRoman : MCLXXVI --> ToNumber : 1176
Iter : 1177 --> ToRoman : MCLXXVII --> ToNumber : 1177
Iter : 1178 --> ToRoman : MCLXXVIII --> ToNumber : 1178
Iter : 1179 --> ToRoman : MCLXXIX --> ToNumber : 1179
Iter : 1180 --> ToRoman : MCLXXX --> ToNumber : 1180
Iter : 1181 --> ToRoman : MCLXXXI --> ToNumber : 1181
Iter : 1182 --> ToRoman : MCLXXXII --> ToNumber : 1182
Iter : 1183 --> ToRoman : MCLXXXIII --> ToNumber : 1183
Iter : 1184 --> ToRoman : MCLXXXIV --> ToNumber : 1184
Iter : 1185 --> ToRoman : MCLXXXV --> ToNumber : 1185
Iter : 1186 --> ToRoman : MCLXXXVI --> ToNumber : 1186
Iter : 1187 --> ToRoman : MCLXXXVII --> ToNumber : 1187
Iter : 1188 --> ToRoman : MCLXXXVIII --> ToNumber : 1188
Iter : 1189 --> ToRoman : MCLXXXIX --> ToNumber : 1189
Iter : 1190 --> ToRoman : MCXC --> ToNumber : 1190
Iter : 1191 --> ToRoman : MCXCI --> ToNumber : 1191
Iter : 1192 --> ToRoman : MCXCII --> ToNumber : 1192
Iter : 1193 --> ToRoman : MCXCIII --> ToNumber : 1193
Iter : 1194 --> ToRoman : MCXCIV --> ToNumber : 1194
Iter : 1195 --> ToRoman : MCXCV --> ToNumber : 1195
Iter : 1196 --> ToRoman : MCXCVI --> ToNumber : 1196
Iter : 1197 --> ToRoman : MCXCVII --> ToNumber : 1197
Iter : 1198 --> ToRoman : MCXCVIII --> ToNumber : 1198
Iter : 1199 --> ToRoman : MCXCIX --> ToNumber : 1199
Iter : 1200 --> ToRoman : MCC --> ToNumber : 1200
Iter : 1201 --> ToRoman : MCCI --> ToNumber : 1201
Iter : 1202 --> ToRoman : MCCII --> ToNumber : 1202
Iter : 1203 --> ToRoman : MCCIII --> ToNumber : 1203
Iter : 1204 --> ToRoman : MCCIV --> ToNumber : 1204
Iter : 1205 --> ToRoman : MCCV --> ToNumber : 1205
Iter : 1206 --> ToRoman : MCCVI --> ToNumber : 1206
Iter : 1207 --> ToRoman : MCCVII --> ToNumber : 1207
Iter : 1208 --> ToRoman : MCCVIII --> ToNumber : 1208
Iter : 1209 --> ToRoman : MCCIX --> ToNumber : 1209
Iter : 1210 --> ToRoman : MCCX --> ToNumber : 1210
Iter : 1211 --> ToRoman : MCCXI --> ToNumber : 1211
Iter : 1212 --> ToRoman : MCCXII --> ToNumber : 1212
Iter : 1213 --> ToRoman : MCCXIII --> ToNumber : 1213
Iter : 1214 --> ToRoman : MCCXIV --> ToNumber : 1214
Iter : 1215 --> ToRoman : MCCXV --> ToNumber : 1215
Iter : 1216 --> ToRoman : MCCXVI --> ToNumber : 1216
Iter : 1217 --> ToRoman : MCCXVII --> ToNumber : 1217
Iter : 1218 --> ToRoman : MCCXVIII --> ToNumber : 1218
Iter : 1219 --> ToRoman : MCCXIX --> ToNumber : 1219
Iter : 1220 --> ToRoman : MCCXX --> ToNumber : 1220
Iter : 1221 --> ToRoman : MCCXXI --> ToNumber : 1221
Iter : 1222 --> ToRoman : MCCXXII --> ToNumber : 1222
Iter : 1223 --> ToRoman : MCCXXIII --> ToNumber : 1223
Iter : 1224 --> ToRoman : MCCXXIV --> ToNumber : 1224
Iter : 1225 --> ToRoman : MCCXXV --> ToNumber : 1225
Iter : 1226 --> ToRoman : MCCXXVI --> ToNumber : 1226
Iter : 1227 --> ToRoman : MCCXXVII --> ToNumber : 1227
Iter : 1228 --> ToRoman : MCCXXVIII --> ToNumber : 1228
Iter : 1229 --> ToRoman : MCCXXIX --> ToNumber : 1229
Iter : 1230 --> ToRoman : MCCXXX --> ToNumber : 1230
Iter : 1231 --> ToRoman : MCCXXXI --> ToNumber : 1231
Iter : 1232 --> ToRoman : MCCXXXII --> ToNumber : 1232
Iter : 1233 --> ToRoman : MCCXXXIII --> ToNumber : 1233
Iter : 1234 --> ToRoman : MCCXXXIV --> ToNumber : 1234
Iter : 1235 --> ToRoman : MCCXXXV --> ToNumber : 1235
Iter : 1236 --> ToRoman : MCCXXXVI --> ToNumber : 1236
Iter : 1237 --> ToRoman : MCCXXXVII --> ToNumber : 1237
Iter : 1238 --> ToRoman : MCCXXXVIII --> ToNumber : 1238
Iter : 1239 --> ToRoman : MCCXXXIX --> ToNumber : 1239
Iter : 1240 --> ToRoman : MCCXL --> ToNumber : 1240
Iter : 1241 --> ToRoman : MCCXLI --> ToNumber : 1241
Iter : 1242 --> ToRoman : MCCXLII --> ToNumber : 1242
Iter : 1243 --> ToRoman : MCCXLIII --> ToNumber : 1243
Iter : 1244 --> ToRoman : MCCXLIV --> ToNumber : 1244
Iter : 1245 --> ToRoman : MCCXLV --> ToNumber : 1245
Iter : 1246 --> ToRoman : MCCXLVI --> ToNumber : 1246
Iter : 1247 --> ToRoman : MCCXLVII --> ToNumber : 1247
Iter : 1248 --> ToRoman : MCCXLVIII --> ToNumber : 1248
Iter : 1249 --> ToRoman : MCCXLIX --> ToNumber : 1249
Iter : 1250 --> ToRoman : MCCL --> ToNumber : 1250
Iter : 1251 --> ToRoman : MCCLI --> ToNumber : 1251
Iter : 1252 --> ToRoman : MCCLII --> ToNumber : 1252
Iter : 1253 --> ToRoman : MCCLIII --> ToNumber : 1253
Iter : 1254 --> ToRoman : MCCLIV --> ToNumber : 1254
Iter : 1255 --> ToRoman : MCCLV --> ToNumber : 1255
Iter : 1256 --> ToRoman : MCCLVI --> ToNumber : 1256
Iter : 1257 --> ToRoman : MCCLVII --> ToNumber : 1257
Iter : 1258 --> ToRoman : MCCLVIII --> ToNumber : 1258
Iter : 1259 --> ToRoman : MCCLIX --> ToNumber : 1259
Iter : 1260 --> ToRoman : MCCLX --> ToNumber : 1260
Iter : 1261 --> ToRoman : MCCLXI --> ToNumber : 1261
Iter : 1262 --> ToRoman : MCCLXII --> ToNumber : 1262
Iter : 1263 --> ToRoman : MCCLXIII --> ToNumber : 1263
Iter : 1264 --> ToRoman : MCCLXIV --> ToNumber : 1264
Iter : 1265 --> ToRoman : MCCLXV --> ToNumber : 1265
Iter : 1266 --> ToRoman : MCCLXVI --> ToNumber : 1266
Iter : 1267 --> ToRoman : MCCLXVII --> ToNumber : 1267
Iter : 1268 --> ToRoman : MCCLXVIII --> ToNumber : 1268
Iter : 1269 --> ToRoman : MCCLXIX --> ToNumber : 1269
Iter : 1270 --> ToRoman : MCCLXX --> ToNumber : 1270
Iter : 1271 --> ToRoman : MCCLXXI --> ToNumber : 1271
Iter : 1272 --> ToRoman : MCCLXXII --> ToNumber : 1272
Iter : 1273 --> ToRoman : MCCLXXIII --> ToNumber : 1273
Iter : 1274 --> ToRoman : MCCLXXIV --> ToNumber : 1274
Iter : 1275 --> ToRoman : MCCLXXV --> ToNumber : 1275
Iter : 1276 --> ToRoman : MCCLXXVI --> ToNumber : 1276
Iter : 1277 --> ToRoman : MCCLXXVII --> ToNumber : 1277
Iter : 1278 --> ToRoman : MCCLXXVIII --> ToNumber : 1278
Iter : 1279 --> ToRoman : MCCLXXIX --> ToNumber : 1279
Iter : 1280 --> ToRoman : MCCLXXX --> ToNumber : 1280
Iter : 1281 --> ToRoman : MCCLXXXI --> ToNumber : 1281
Iter : 1282 --> ToRoman : MCCLXXXII --> ToNumber : 1282
Iter : 1283 --> ToRoman : MCCLXXXIII --> ToNumber : 1283
Iter : 1284 --> ToRoman : MCCLXXXIV --> ToNumber : 1284
Iter : 1285 --> ToRoman : MCCLXXXV --> ToNumber : 1285
Iter : 1286 --> ToRoman : MCCLXXXVI --> ToNumber : 1286
Iter : 1287 --> ToRoman : MCCLXXXVII --> ToNumber : 1287
Iter : 1288 --> ToRoman : MCCLXXXVIII --> ToNumber : 1288
Iter : 1289 --> ToRoman : MCCLXXXIX --> ToNumber : 1289
Iter : 1290 --> ToRoman : MCCXC --> ToNumber : 1290
Iter : 1291 --> ToRoman : MCCXCI --> ToNumber : 1291
Iter : 1292 --> ToRoman : MCCXCII --> ToNumber : 1292
Iter : 1293 --> ToRoman : MCCXCIII --> ToNumber : 1293
Iter : 1294 --> ToRoman : MCCXCIV --> ToNumber : 1294
Iter : 1295 --> ToRoman : MCCXCV --> ToNumber : 1295
Iter : 1296 --> ToRoman : MCCXCVI --> ToNumber : 1296
Iter : 1297 --> ToRoman : MCCXCVII --> ToNumber : 1297
Iter : 1298 --> ToRoman : MCCXCVIII --> ToNumber : 1298
Iter : 1299 --> ToRoman : MCCXCIX --> ToNumber : 1299
Iter : 1300 --> ToRoman : MCCC --> ToNumber : 1300
Iter : 1301 --> ToRoman : MCCCI --> ToNumber : 1301
Iter : 1302 --> ToRoman : MCCCII --> ToNumber : 1302
Iter : 1303 --> ToRoman : MCCCIII --> ToNumber : 1303
Iter : 1304 --> ToRoman : MCCCIV --> ToNumber : 1304
Iter : 1305 --> ToRoman : MCCCV --> ToNumber : 1305
Iter : 1306 --> ToRoman : MCCCVI --> ToNumber : 1306
Iter : 1307 --> ToRoman : MCCCVII --> ToNumber : 1307
Iter : 1308 --> ToRoman : MCCCVIII --> ToNumber : 1308
Iter : 1309 --> ToRoman : MCCCIX --> ToNumber : 1309
Iter : 1310 --> ToRoman : MCCCX --> ToNumber : 1310
Iter : 1311 --> ToRoman : MCCCXI --> ToNumber : 1311
Iter : 1312 --> ToRoman : MCCCXII --> ToNumber : 1312
Iter : 1313 --> ToRoman : MCCCXIII --> ToNumber : 1313
Iter : 1314 --> ToRoman : MCCCXIV --> ToNumber : 1314
Iter : 1315 --> ToRoman : MCCCXV --> ToNumber : 1315
Iter : 1316 --> ToRoman : MCCCXVI --> ToNumber : 1316
Iter : 1317 --> ToRoman : MCCCXVII --> ToNumber : 1317
Iter : 1318 --> ToRoman : MCCCXVIII --> ToNumber : 1318
Iter : 1319 --> ToRoman : MCCCXIX --> ToNumber : 1319
Iter : 1320 --> ToRoman : MCCCXX --> ToNumber : 1320
Iter : 1321 --> ToRoman : MCCCXXI --> ToNumber : 1321
Iter : 1322 --> ToRoman : MCCCXXII --> ToNumber : 1322
Iter : 1323 --> ToRoman : MCCCXXIII --> ToNumber : 1323
Iter : 1324 --> ToRoman : MCCCXXIV --> ToNumber : 1324
Iter : 1325 --> ToRoman : MCCCXXV --> ToNumber : 1325
Iter : 1326 --> ToRoman : MCCCXXVI --> ToNumber : 1326
Iter : 1327 --> ToRoman : MCCCXXVII --> ToNumber : 1327
Iter : 1328 --> ToRoman : MCCCXXVIII --> ToNumber : 1328
Iter : 1329 --> ToRoman : MCCCXXIX --> ToNumber : 1329
Iter : 1330 --> ToRoman : MCCCXXX --> ToNumber : 1330
Iter : 1331 --> ToRoman : MCCCXXXI --> ToNumber : 1331
Iter : 1332 --> ToRoman : MCCCXXXII --> ToNumber : 1332
Iter : 1333 --> ToRoman : MCCCXXXIII --> ToNumber : 1333
Iter : 1334 --> ToRoman : MCCCXXXIV --> ToNumber : 1334
Iter : 1335 --> ToRoman : MCCCXXXV --> ToNumber : 1335
Iter : 1336 --> ToRoman : MCCCXXXVI --> ToNumber : 1336
Iter : 1337 --> ToRoman : MCCCXXXVII --> ToNumber : 1337
Iter : 1338 --> ToRoman : MCCCXXXVIII --> ToNumber : 1338
Iter : 1339 --> ToRoman : MCCCXXXIX --> ToNumber : 1339
Iter : 1340 --> ToRoman : MCCCXL --> ToNumber : 1340
Iter : 1341 --> ToRoman : MCCCXLI --> ToNumber : 1341
Iter : 1342 --> ToRoman : MCCCXLII --> ToNumber : 1342
Iter : 1343 --> ToRoman : MCCCXLIII --> ToNumber : 1343
Iter : 1344 --> ToRoman : MCCCXLIV --> ToNumber : 1344
Iter : 1345 --> ToRoman : MCCCXLV --> ToNumber : 1345
Iter : 1346 --> ToRoman : MCCCXLVI --> ToNumber : 1346
Iter : 1347 --> ToRoman : MCCCXLVII --> ToNumber : 1347
Iter : 1348 --> ToRoman : MCCCXLVIII --> ToNumber : 1348
Iter : 1349 --> ToRoman : MCCCXLIX --> ToNumber : 1349
Iter : 1350 --> ToRoman : MCCCL --> ToNumber : 1350
Iter : 1351 --> ToRoman : MCCCLI --> ToNumber : 1351
Iter : 1352 --> ToRoman : MCCCLII --> ToNumber : 1352
Iter : 1353 --> ToRoman : MCCCLIII --> ToNumber : 1353
Iter : 1354 --> ToRoman : MCCCLIV --> ToNumber : 1354
Iter : 1355 --> ToRoman : MCCCLV --> ToNumber : 1355
Iter : 1356 --> ToRoman : MCCCLVI --> ToNumber : 1356
Iter : 1357 --> ToRoman : MCCCLVII --> ToNumber : 1357
Iter : 1358 --> ToRoman : MCCCLVIII --> ToNumber : 1358
Iter : 1359 --> ToRoman : MCCCLIX --> ToNumber : 1359
Iter : 1360 --> ToRoman : MCCCLX --> ToNumber : 1360
Iter : 1361 --> ToRoman : MCCCLXI --> ToNumber : 1361
Iter : 1362 --> ToRoman : MCCCLXII --> ToNumber : 1362
Iter : 1363 --> ToRoman : MCCCLXIII --> ToNumber : 1363
Iter : 1364 --> ToRoman : MCCCLXIV --> ToNumber : 1364
Iter : 1365 --> ToRoman : MCCCLXV --> ToNumber : 1365
Iter : 1366 --> ToRoman : MCCCLXVI --> ToNumber : 1366
Iter : 1367 --> ToRoman : MCCCLXVII --> ToNumber : 1367
Iter : 1368 --> ToRoman : MCCCLXVIII --> ToNumber : 1368
Iter : 1369 --> ToRoman : MCCCLXIX --> ToNumber : 1369
Iter : 1370 --> ToRoman : MCCCLXX --> ToNumber : 1370
Iter : 1371 --> ToRoman : MCCCLXXI --> ToNumber : 1371
Iter : 1372 --> ToRoman : MCCCLXXII --> ToNumber : 1372
Iter : 1373 --> ToRoman : MCCCLXXIII --> ToNumber : 1373
Iter : 1374 --> ToRoman : MCCCLXXIV --> ToNumber : 1374
Iter : 1375 --> ToRoman : MCCCLXXV --> ToNumber : 1375
Iter : 1376 --> ToRoman : MCCCLXXVI --> ToNumber : 1376
Iter : 1377 --> ToRoman : MCCCLXXVII --> ToNumber : 1377
Iter : 1378 --> ToRoman : MCCCLXXVIII --> ToNumber : 1378
Iter : 1379 --> ToRoman : MCCCLXXIX --> ToNumber : 1379
Iter : 1380 --> ToRoman : MCCCLXXX --> ToNumber : 1380
Iter : 1381 --> ToRoman : MCCCLXXXI --> ToNumber : 1381
Iter : 1382 --> ToRoman : MCCCLXXXII --> ToNumber : 1382
Iter : 1383 --> ToRoman : MCCCLXXXIII --> ToNumber : 1383
Iter : 1384 --> ToRoman : MCCCLXXXIV --> ToNumber : 1384
Iter : 1385 --> ToRoman : MCCCLXXXV --> ToNumber : 1385
Iter : 1386 --> ToRoman : MCCCLXXXVI --> ToNumber : 1386
Iter : 1387 --> ToRoman : MCCCLXXXVII --> ToNumber : 1387
Iter : 1388 --> ToRoman : MCCCLXXXVIII --> ToNumber : 1388
Iter : 1389 --> ToRoman : MCCCLXXXIX --> ToNumber : 1389
Iter : 1390 --> ToRoman : MCCCXC --> ToNumber : 1390
Iter : 1391 --> ToRoman : MCCCXCI --> ToNumber : 1391
Iter : 1392 --> ToRoman : MCCCXCII --> ToNumber : 1392
Iter : 1393 --> ToRoman : MCCCXCIII --> ToNumber : 1393
Iter : 1394 --> ToRoman : MCCCXCIV --> ToNumber : 1394
Iter : 1395 --> ToRoman : MCCCXCV --> ToNumber : 1395
Iter : 1396 --> ToRoman : MCCCXCVI --> ToNumber : 1396
Iter : 1397 --> ToRoman : MCCCXCVII --> ToNumber : 1397
Iter : 1398 --> ToRoman : MCCCXCVIII --> ToNumber : 1398
Iter : 1399 --> ToRoman : MCCCXCIX --> ToNumber : 1399
Iter : 1400 --> ToRoman : MCD --> ToNumber : 1400
Iter : 1401 --> ToRoman : MCDI --> ToNumber : 1401
Iter : 1402 --> ToRoman : MCDII --> ToNumber : 1402
Iter : 1403 --> ToRoman : MCDIII --> ToNumber : 1403
Iter : 1404 --> ToRoman : MCDIV --> ToNumber : 1404
Iter : 1405 --> ToRoman : MCDV --> ToNumber : 1405
Iter : 1406 --> ToRoman : MCDVI --> ToNumber : 1406
Iter : 1407 --> ToRoman : MCDVII --> ToNumber : 1407
Iter : 1408 --> ToRoman : MCDVIII --> ToNumber : 1408
Iter : 1409 --> ToRoman : MCDIX --> ToNumber : 1409
Iter : 1410 --> ToRoman : MCDX --> ToNumber : 1410
Iter : 1411 --> ToRoman : MCDXI --> ToNumber : 1411
Iter : 1412 --> ToRoman : MCDXII --> ToNumber : 1412
Iter : 1413 --> ToRoman : MCDXIII --> ToNumber : 1413
Iter : 1414 --> ToRoman : MCDXIV --> ToNumber : 1414
Iter : 1415 --> ToRoman : MCDXV --> ToNumber : 1415
Iter : 1416 --> ToRoman : MCDXVI --> ToNumber : 1416
Iter : 1417 --> ToRoman : MCDXVII --> ToNumber : 1417
Iter : 1418 --> ToRoman : MCDXVIII --> ToNumber : 1418
Iter : 1419 --> ToRoman : MCDXIX --> ToNumber : 1419
Iter : 1420 --> ToRoman : MCDXX --> ToNumber : 1420
Iter : 1421 --> ToRoman : MCDXXI --> ToNumber : 1421
Iter : 1422 --> ToRoman : MCDXXII --> ToNumber : 1422
Iter : 1423 --> ToRoman : MCDXXIII --> ToNumber : 1423
Iter : 1424 --> ToRoman : MCDXXIV --> ToNumber : 1424
Iter : 1425 --> ToRoman : MCDXXV --> ToNumber : 1425
Iter : 1426 --> ToRoman : MCDXXVI --> ToNumber : 1426
Iter : 1427 --> ToRoman : MCDXXVII --> ToNumber : 1427
Iter : 1428 --> ToRoman : MCDXXVIII --> ToNumber : 1428
Iter : 1429 --> ToRoman : MCDXXIX --> ToNumber : 1429
Iter : 1430 --> ToRoman : MCDXXX --> ToNumber : 1430
Iter : 1431 --> ToRoman : MCDXXXI --> ToNumber : 1431
Iter : 1432 --> ToRoman : MCDXXXII --> ToNumber : 1432
Iter : 1433 --> ToRoman : MCDXXXIII --> ToNumber : 1433
Iter : 1434 --> ToRoman : MCDXXXIV --> ToNumber : 1434
Iter : 1435 --> ToRoman : MCDXXXV --> ToNumber : 1435
Iter : 1436 --> ToRoman : MCDXXXVI --> ToNumber : 1436
Iter : 1437 --> ToRoman : MCDXXXVII --> ToNumber : 1437
Iter : 1438 --> ToRoman : MCDXXXVIII --> ToNumber : 1438
Iter : 1439 --> ToRoman : MCDXXXIX --> ToNumber : 1439
Iter : 1440 --> ToRoman : MCDXL --> ToNumber : 1440
Iter : 1441 --> ToRoman : MCDXLI --> ToNumber : 1441
Iter : 1442 --> ToRoman : MCDXLII --> ToNumber : 1442
Iter : 1443 --> ToRoman : MCDXLIII --> ToNumber : 1443
Iter : 1444 --> ToRoman : MCDXLIV --> ToNumber : 1444
Iter : 1445 --> ToRoman : MCDXLV --> ToNumber : 1445
Iter : 1446 --> ToRoman : MCDXLVI --> ToNumber : 1446
Iter : 1447 --> ToRoman : MCDXLVII --> ToNumber : 1447
Iter : 1448 --> ToRoman : MCDXLVIII --> ToNumber : 1448
Iter : 1449 --> ToRoman : MCDXLIX --> ToNumber : 1449
Iter : 1450 --> ToRoman : MCDL --> ToNumber : 1450
Iter : 1451 --> ToRoman : MCDLI --> ToNumber : 1451
Iter : 1452 --> ToRoman : MCDLII --> ToNumber : 1452
Iter : 1453 --> ToRoman : MCDLIII --> ToNumber : 1453
Iter : 1454 --> ToRoman : MCDLIV --> ToNumber : 1454
Iter : 1455 --> ToRoman : MCDLV --> ToNumber : 1455
Iter : 1456 --> ToRoman : MCDLVI --> ToNumber : 1456
Iter : 1457 --> ToRoman : MCDLVII --> ToNumber : 1457
Iter : 1458 --> ToRoman : MCDLVIII --> ToNumber : 1458
Iter : 1459 --> ToRoman : MCDLIX --> ToNumber : 1459
Iter : 1460 --> ToRoman : MCDLX --> ToNumber : 1460
Iter : 1461 --> ToRoman : MCDLXI --> ToNumber : 1461
Iter : 1462 --> ToRoman : MCDLXII --> ToNumber : 1462
Iter : 1463 --> ToRoman : MCDLXIII --> ToNumber : 1463
Iter : 1464 --> ToRoman : MCDLXIV --> ToNumber : 1464
Iter : 1465 --> ToRoman : MCDLXV --> ToNumber : 1465
Iter : 1466 --> ToRoman : MCDLXVI --> ToNumber : 1466
Iter : 1467 --> ToRoman : MCDLXVII --> ToNumber : 1467
Iter : 1468 --> ToRoman : MCDLXVIII --> ToNumber : 1468
Iter : 1469 --> ToRoman : MCDLXIX --> ToNumber : 1469
Iter : 1470 --> ToRoman : MCDLXX --> ToNumber : 1470
Iter : 1471 --> ToRoman : MCDLXXI --> ToNumber : 1471
Iter : 1472 --> ToRoman : MCDLXXII --> ToNumber : 1472
Iter : 1473 --> ToRoman : MCDLXXIII --> ToNumber : 1473
Iter : 1474 --> ToRoman : MCDLXXIV --> ToNumber : 1474
Iter : 1475 --> ToRoman : MCDLXXV --> ToNumber : 1475
Iter : 1476 --> ToRoman : MCDLXXVI --> ToNumber : 1476
Iter : 1477 --> ToRoman : MCDLXXVII --> ToNumber : 1477
Iter : 1478 --> ToRoman : MCDLXXVIII --> ToNumber : 1478
Iter : 1479 --> ToRoman : MCDLXXIX --> ToNumber : 1479
Iter : 1480 --> ToRoman : MCDLXXX --> ToNumber : 1480
Iter : 1481 --> ToRoman : MCDLXXXI --> ToNumber : 1481
Iter : 1482 --> ToRoman : MCDLXXXII --> ToNumber : 1482
Iter : 1483 --> ToRoman : MCDLXXXIII --> ToNumber : 1483
Iter : 1484 --> ToRoman : MCDLXXXIV --> ToNumber : 1484
Iter : 1485 --> ToRoman : MCDLXXXV --> ToNumber : 1485
Iter : 1486 --> ToRoman : MCDLXXXVI --> ToNumber : 1486
Iter : 1487 --> ToRoman : MCDLXXXVII --> ToNumber : 1487
Iter : 1488 --> ToRoman : MCDLXXXVIII --> ToNumber : 1488
Iter : 1489 --> ToRoman : MCDLXXXIX --> ToNumber : 1489
Iter : 1490 --> ToRoman : MCDXC --> ToNumber : 1490
Iter : 1491 --> ToRoman : MCDXCI --> ToNumber : 1491
Iter : 1492 --> ToRoman : MCDXCII --> ToNumber : 1492
Iter : 1493 --> ToRoman : MCDXCIII --> ToNumber : 1493
Iter : 1494 --> ToRoman : MCDXCIV --> ToNumber : 1494
Iter : 1495 --> ToRoman : MCDXCV --> ToNumber : 1495
Iter : 1496 --> ToRoman : MCDXCVI --> ToNumber : 1496
Iter : 1497 --> ToRoman : MCDXCVII --> ToNumber : 1497
Iter : 1498 --> ToRoman : MCDXCVIII --> ToNumber : 1498
Iter : 1499 --> ToRoman : MCDXCIX --> ToNumber : 1499
Iter : 1500 --> ToRoman : MD --> ToNumber : 1500
Iter : 1501 --> ToRoman : MDI --> ToNumber : 1501
Iter : 1502 --> ToRoman : MDII --> ToNumber : 1502
Iter : 1503 --> ToRoman : MDIII --> ToNumber : 1503
Iter : 1504 --> ToRoman : MDIV --> ToNumber : 1504
Iter : 1505 --> ToRoman : MDV --> ToNumber : 1505
Iter : 1506 --> ToRoman : MDVI --> ToNumber : 1506
Iter : 1507 --> ToRoman : MDVII --> ToNumber : 1507
Iter : 1508 --> ToRoman : MDVIII --> ToNumber : 1508
Iter : 1509 --> ToRoman : MDIX --> ToNumber : 1509
Iter : 1510 --> ToRoman : MDX --> ToNumber : 1510
Iter : 1511 --> ToRoman : MDXI --> ToNumber : 1511
Iter : 1512 --> ToRoman : MDXII --> ToNumber : 1512
Iter : 1513 --> ToRoman : MDXIII --> ToNumber : 1513
Iter : 1514 --> ToRoman : MDXIV --> ToNumber : 1514
Iter : 1515 --> ToRoman : MDXV --> ToNumber : 1515
Iter : 1516 --> ToRoman : MDXVI --> ToNumber : 1516
Iter : 1517 --> ToRoman : MDXVII --> ToNumber : 1517
Iter : 1518 --> ToRoman : MDXVIII --> ToNumber : 1518
Iter : 1519 --> ToRoman : MDXIX --> ToNumber : 1519
Iter : 1520 --> ToRoman : MDXX --> ToNumber : 1520
Iter : 1521 --> ToRoman : MDXXI --> ToNumber : 1521
Iter : 1522 --> ToRoman : MDXXII --> ToNumber : 1522
Iter : 1523 --> ToRoman : MDXXIII --> ToNumber : 1523
Iter : 1524 --> ToRoman : MDXXIV --> ToNumber : 1524
Iter : 1525 --> ToRoman : MDXXV --> ToNumber : 1525
Iter : 1526 --> ToRoman : MDXXVI --> ToNumber : 1526
Iter : 1527 --> ToRoman : MDXXVII --> ToNumber : 1527
Iter : 1528 --> ToRoman : MDXXVIII --> ToNumber : 1528
Iter : 1529 --> ToRoman : MDXXIX --> ToNumber : 1529
Iter : 1530 --> ToRoman : MDXXX --> ToNumber : 1530
Iter : 1531 --> ToRoman : MDXXXI --> ToNumber : 1531
Iter : 1532 --> ToRoman : MDXXXII --> ToNumber : 1532
Iter : 1533 --> ToRoman : MDXXXIII --> ToNumber : 1533
Iter : 1534 --> ToRoman : MDXXXIV --> ToNumber : 1534
Iter : 1535 --> ToRoman : MDXXXV --> ToNumber : 1535
Iter : 1536 --> ToRoman : MDXXXVI --> ToNumber : 1536
Iter : 1537 --> ToRoman : MDXXXVII --> ToNumber : 1537
Iter : 1538 --> ToRoman : MDXXXVIII --> ToNumber : 1538
Iter : 1539 --> ToRoman : MDXXXIX --> ToNumber : 1539
Iter : 1540 --> ToRoman : MDXL --> ToNumber : 1540
[...]
Iter : 3650 --> ToRoman : MMMDCL --> ToNumber : 3650
Iter : 3651 --> ToRoman : MMMDCLI --> ToNumber : 3651
Iter : 3652 --> ToRoman : MMMDCLII --> ToNumber : 3652
Iter : 3653 --> ToRoman : MMMDCLIII --> ToNumber : 3653
Iter : 3654 --> ToRoman : MMMDCLIV --> ToNumber : 3654
Iter : 3655 --> ToRoman : MMMDCLV --> ToNumber : 3655
Iter : 3656 --> ToRoman : MMMDCLVI --> ToNumber : 3656
Iter : 3657 --> ToRoman : MMMDCLVII --> ToNumber : 3657
Iter : 3658 --> ToRoman : MMMDCLVIII --> ToNumber : 3658
Iter : 3659 --> ToRoman : MMMDCLIX --> ToNumber : 3659
Iter : 3660 --> ToRoman : MMMDCLX --> ToNumber : 3660
Iter : 3661 --> ToRoman : MMMDCLXI --> ToNumber : 3661
Iter : 3662 --> ToRoman : MMMDCLXII --> ToNumber : 3662
Iter : 3663 --> ToRoman : MMMDCLXIII --> ToNumber : 3663
Iter : 3664 --> ToRoman : MMMDCLXIV --> ToNumber : 3664
Iter : 3665 --> ToRoman : MMMDCLXV --> ToNumber : 3665
Iter : 3666 --> ToRoman : MMMDCLXVI --> ToNumber : 3666
Iter : 3667 --> ToRoman : MMMDCLXVII --> ToNumber : 3667
Iter : 3668 --> ToRoman : MMMDCLXVIII --> ToNumber : 3668
Iter : 3669 --> ToRoman : MMMDCLXIX --> ToNumber : 3669
Iter : 3670 --> ToRoman : MMMDCLXX --> ToNumber : 3670
Iter : 3671 --> ToRoman : MMMDCLXXI --> ToNumber : 3671
Iter : 3672 --> ToRoman : MMMDCLXXII --> ToNumber : 3672
Iter : 3673 --> ToRoman : MMMDCLXXIII --> ToNumber : 3673
Iter : 3674 --> ToRoman : MMMDCLXXIV --> ToNumber : 3674
Iter : 3675 --> ToRoman : MMMDCLXXV --> ToNumber : 3675
Iter : 3676 --> ToRoman : MMMDCLXXVI --> ToNumber : 3676
Iter : 3677 --> ToRoman : MMMDCLXXVII --> ToNumber : 3677
Iter : 3678 --> ToRoman : MMMDCLXXVIII --> ToNumber : 3678
Iter : 3679 --> ToRoman : MMMDCLXXIX --> ToNumber : 3679
Iter : 3680 --> ToRoman : MMMDCLXXX --> ToNumber : 3680
Iter : 3681 --> ToRoman : MMMDCLXXXI --> ToNumber : 3681
Iter : 3682 --> ToRoman : MMMDCLXXXII --> ToNumber : 3682
Iter : 3683 --> ToRoman : MMMDCLXXXIII --> ToNumber : 3683
Iter : 3684 --> ToRoman : MMMDCLXXXIV --> ToNumber : 3684
Iter : 3685 --> ToRoman : MMMDCLXXXV --> ToNumber : 3685
Iter : 3686 --> ToRoman : MMMDCLXXXVI --> ToNumber : 3686
Iter : 3687 --> ToRoman : MMMDCLXXXVII --> ToNumber : 3687
Iter : 3688 --> ToRoman : MMMDCLXXXVIII --> ToNumber : 3688
Iter : 3689 --> ToRoman : MMMDCLXXXIX --> ToNumber : 3689
Iter : 3690 --> ToRoman : MMMDCXC --> ToNumber : 3690
Iter : 3691 --> ToRoman : MMMDCXCI --> ToNumber : 3691
Iter : 3692 --> ToRoman : MMMDCXCII --> ToNumber : 3692
Iter : 3693 --> ToRoman : MMMDCXCIII --> ToNumber : 3693
Iter : 3694 --> ToRoman : MMMDCXCIV --> ToNumber : 3694
Iter : 3695 --> ToRoman : MMMDCXCV --> ToNumber : 3695
Iter : 3696 --> ToRoman : MMMDCXCVI --> ToNumber : 3696
Iter : 3697 --> ToRoman : MMMDCXCVII --> ToNumber : 3697
Iter : 3698 --> ToRoman : MMMDCXCVIII --> ToNumber : 3698
Iter : 3699 --> ToRoman : MMMDCXCIX --> ToNumber : 3699
Iter : 3700 --> ToRoman : MMMDCC --> ToNumber : 3700
Iter : 3701 --> ToRoman : MMMDCCI --> ToNumber : 3701
Iter : 3702 --> ToRoman : MMMDCCII --> ToNumber : 3702
Iter : 3703 --> ToRoman : MMMDCCIII --> ToNumber : 3703
Iter : 3704 --> ToRoman : MMMDCCIV --> ToNumber : 3704
Iter : 3705 --> ToRoman : MMMDCCV --> ToNumber : 3705
Iter : 3706 --> ToRoman : MMMDCCVI --> ToNumber : 3706
Iter : 3707 --> ToRoman : MMMDCCVII --> ToNumber : 3707
Iter : 3708 --> ToRoman : MMMDCCVIII --> ToNumber : 3708
Iter : 3709 --> ToRoman : MMMDCCIX --> ToNumber : 3709
Iter : 3710 --> ToRoman : MMMDCCX --> ToNumber : 3710
Iter : 3711 --> ToRoman : MMMDCCXI --> ToNumber : 3711
Iter : 3712 --> ToRoman : MMMDCCXII --> ToNumber : 3712
Iter : 3713 --> ToRoman : MMMDCCXIII --> ToNumber : 3713
Iter : 3714 --> ToRoman : MMMDCCXIV --> ToNumber : 3714
Iter : 3715 --> ToRoman : MMMDCCXV --> ToNumber : 3715
Iter : 3716 --> ToRoman : MMMDCCXVI --> ToNumber : 3716
Iter : 3717 --> ToRoman : MMMDCCXVII --> ToNumber : 3717
Iter : 3718 --> ToRoman : MMMDCCXVIII --> ToNumber : 3718
Iter : 3719 --> ToRoman : MMMDCCXIX --> ToNumber : 3719
Iter : 3720 --> ToRoman : MMMDCCXX --> ToNumber : 3720
Iter : 3721 --> ToRoman : MMMDCCXXI --> ToNumber : 3721
Iter : 3722 --> ToRoman : MMMDCCXXII --> ToNumber : 3722
Iter : 3723 --> ToRoman : MMMDCCXXIII --> ToNumber : 3723
Iter : 3724 --> ToRoman : MMMDCCXXIV --> ToNumber : 3724
Iter : 3725 --> ToRoman : MMMDCCXXV --> ToNumber : 3725
Iter : 3726 --> ToRoman : MMMDCCXXVI --> ToNumber : 3726
Iter : 3727 --> ToRoman : MMMDCCXXVII --> ToNumber : 3727
Iter : 3728 --> ToRoman : MMMDCCXXVIII --> ToNumber : 3728
Iter : 3729 --> ToRoman : MMMDCCXXIX --> ToNumber : 3729
Iter : 3730 --> ToRoman : MMMDCCXXX --> ToNumber : 3730
Iter : 3731 --> ToRoman : MMMDCCXXXI --> ToNumber : 3731
Iter : 3732 --> ToRoman : MMMDCCXXXII --> ToNumber : 3732
Iter : 3733 --> ToRoman : MMMDCCXXXIII --> ToNumber : 3733
Iter : 3734 --> ToRoman : MMMDCCXXXIV --> ToNumber : 3734
Iter : 3735 --> ToRoman : MMMDCCXXXV --> ToNumber : 3735
Iter : 3736 --> ToRoman : MMMDCCXXXVI --> ToNumber : 3736
Iter : 3737 --> ToRoman : MMMDCCXXXVII --> ToNumber : 3737
Iter : 3738 --> ToRoman : MMMDCCXXXVIII --> ToNumber : 3738
Iter : 3739 --> ToRoman : MMMDCCXXXIX --> ToNumber : 3739
Iter : 3740 --> ToRoman : MMMDCCXL --> ToNumber : 3740
Iter : 3741 --> ToRoman : MMMDCCXLI --> ToNumber : 3741
Iter : 3742 --> ToRoman : MMMDCCXLII --> ToNumber : 3742
Iter : 3743 --> ToRoman : MMMDCCXLIII --> ToNumber : 3743
Iter : 3744 --> ToRoman : MMMDCCXLIV --> ToNumber : 3744
Iter : 3745 --> ToRoman : MMMDCCXLV --> ToNumber : 3745
Iter : 3746 --> ToRoman : MMMDCCXLVI --> ToNumber : 3746
Iter : 3747 --> ToRoman : MMMDCCXLVII --> ToNumber : 3747
Iter : 3748 --> ToRoman : MMMDCCXLVIII --> ToNumber : 3748
Iter : 3749 --> ToRoman : MMMDCCXLIX --> ToNumber : 3749
Iter : 3750 --> ToRoman : MMMDCCL --> ToNumber : 3750
Iter : 3751 --> ToRoman : MMMDCCLI --> ToNumber : 3751
Iter : 3752 --> ToRoman : MMMDCCLII --> ToNumber : 3752
Iter : 3753 --> ToRoman : MMMDCCLIII --> ToNumber : 3753
Iter : 3754 --> ToRoman : MMMDCCLIV --> ToNumber : 3754
Iter : 3755 --> ToRoman : MMMDCCLV --> ToNumber : 3755
Iter : 3756 --> ToRoman : MMMDCCLVI --> ToNumber : 3756
Iter : 3757 --> ToRoman : MMMDCCLVII --> ToNumber : 3757
Iter : 3758 --> ToRoman : MMMDCCLVIII --> ToNumber : 3758
Iter : 3759 --> ToRoman : MMMDCCLIX --> ToNumber : 3759
Iter : 3760 --> ToRoman : MMMDCCLX --> ToNumber : 3760
Iter : 3761 --> ToRoman : MMMDCCLXI --> ToNumber : 3761
Iter : 3762 --> ToRoman : MMMDCCLXII --> ToNumber : 3762
Iter : 3763 --> ToRoman : MMMDCCLXIII --> ToNumber : 3763
Iter : 3764 --> ToRoman : MMMDCCLXIV --> ToNumber : 3764
Iter : 3765 --> ToRoman : MMMDCCLXV --> ToNumber : 3765
Iter : 3766 --> ToRoman : MMMDCCLXVI --> ToNumber : 3766
Iter : 3767 --> ToRoman : MMMDCCLXVII --> ToNumber : 3767
Iter : 3768 --> ToRoman : MMMDCCLXVIII --> ToNumber : 3768
Iter : 3769 --> ToRoman : MMMDCCLXIX --> ToNumber : 3769
Iter : 3770 --> ToRoman : MMMDCCLXX --> ToNumber : 3770
Iter : 3771 --> ToRoman : MMMDCCLXXI --> ToNumber : 3771
Iter : 3772 --> ToRoman : MMMDCCLXXII --> ToNumber : 3772
Iter : 3773 --> ToRoman : MMMDCCLXXIII --> ToNumber : 3773
Iter : 3774 --> ToRoman : MMMDCCLXXIV --> ToNumber : 3774
Iter : 3775 --> ToRoman : MMMDCCLXXV --> ToNumber : 3775
Iter : 3776 --> ToRoman : MMMDCCLXXVI --> ToNumber : 3776
Iter : 3777 --> ToRoman : MMMDCCLXXVII --> ToNumber : 3777
Iter : 3778 --> ToRoman : MMMDCCLXXVIII --> ToNumber : 3778
Iter : 3779 --> ToRoman : MMMDCCLXXIX --> ToNumber : 3779
Iter : 3780 --> ToRoman : MMMDCCLXXX --> ToNumber : 3780
Iter : 3781 --> ToRoman : MMMDCCLXXXI --> ToNumber : 3781
Iter : 3782 --> ToRoman : MMMDCCLXXXII --> ToNumber : 3782
Iter : 3783 --> ToRoman : MMMDCCLXXXIII --> ToNumber : 3783
Iter : 3784 --> ToRoman : MMMDCCLXXXIV --> ToNumber : 3784
Iter : 3785 --> ToRoman : MMMDCCLXXXV --> ToNumber : 3785
Iter : 3786 --> ToRoman : MMMDCCLXXXVI --> ToNumber : 3786
Iter : 3787 --> ToRoman : MMMDCCLXXXVII --> ToNumber : 3787
Iter : 3788 --> ToRoman : MMMDCCLXXXVIII --> ToNumber : 3788
Iter : 3789 --> ToRoman : MMMDCCLXXXIX --> ToNumber : 3789
Iter : 3790 --> ToRoman : MMMDCCXC --> ToNumber : 3790
Iter : 3791 --> ToRoman : MMMDCCXCI --> ToNumber : 3791
Iter : 3792 --> ToRoman : MMMDCCXCII --> ToNumber : 3792
Iter : 3793 --> ToRoman : MMMDCCXCIII --> ToNumber : 3793
Iter : 3794 --> ToRoman : MMMDCCXCIV --> ToNumber : 3794
Iter : 3795 --> ToRoman : MMMDCCXCV --> ToNumber : 3795
Iter : 3796 --> ToRoman : MMMDCCXCVI --> ToNumber : 3796
Iter : 3797 --> ToRoman : MMMDCCXCVII --> ToNumber : 3797
Iter : 3798 --> ToRoman : MMMDCCXCVIII --> ToNumber : 3798
Iter : 3799 --> ToRoman : MMMDCCXCIX --> ToNumber : 3799
Iter : 3800 --> ToRoman : MMMDCCC --> ToNumber : 3800
Iter : 3801 --> ToRoman : MMMDCCCI --> ToNumber : 3801
Iter : 3802 --> ToRoman : MMMDCCCII --> ToNumber : 3802
Iter : 3803 --> ToRoman : MMMDCCCIII --> ToNumber : 3803
Iter : 3804 --> ToRoman : MMMDCCCIV --> ToNumber : 3804
Iter : 3805 --> ToRoman : MMMDCCCV --> ToNumber : 3805
Iter : 3806 --> ToRoman : MMMDCCCVI --> ToNumber : 3806
Iter : 3807 --> ToRoman : MMMDCCCVII --> ToNumber : 3807
Iter : 3808 --> ToRoman : MMMDCCCVIII --> ToNumber : 3808
Iter : 3809 --> ToRoman : MMMDCCCIX --> ToNumber : 3809
Iter : 3810 --> ToRoman : MMMDCCCX --> ToNumber : 3810
Iter : 3811 --> ToRoman : MMMDCCCXI --> ToNumber : 3811
Iter : 3812 --> ToRoman : MMMDCCCXII --> ToNumber : 3812
Iter : 3813 --> ToRoman : MMMDCCCXIII --> ToNumber : 3813
Iter : 3814 --> ToRoman : MMMDCCCXIV --> ToNumber : 3814
Iter : 3815 --> ToRoman : MMMDCCCXV --> ToNumber : 3815
Iter : 3816 --> ToRoman : MMMDCCCXVI --> ToNumber : 3816
Iter : 3817 --> ToRoman : MMMDCCCXVII --> ToNumber : 3817
Iter : 3818 --> ToRoman : MMMDCCCXVIII --> ToNumber : 3818
Iter : 3819 --> ToRoman : MMMDCCCXIX --> ToNumber : 3819
Iter : 3820 --> ToRoman : MMMDCCCXX --> ToNumber : 3820
Iter : 3821 --> ToRoman : MMMDCCCXXI --> ToNumber : 3821
Iter : 3822 --> ToRoman : MMMDCCCXXII --> ToNumber : 3822
Iter : 3823 --> ToRoman : MMMDCCCXXIII --> ToNumber : 3823
Iter : 3824 --> ToRoman : MMMDCCCXXIV --> ToNumber : 3824
Iter : 3825 --> ToRoman : MMMDCCCXXV --> ToNumber : 3825
Iter : 3826 --> ToRoman : MMMDCCCXXVI --> ToNumber : 3826
Iter : 3827 --> ToRoman : MMMDCCCXXVII --> ToNumber : 3827
Iter : 3828 --> ToRoman : MMMDCCCXXVIII --> ToNumber : 3828
Iter : 3829 --> ToRoman : MMMDCCCXXIX --> ToNumber : 3829
Iter : 3830 --> ToRoman : MMMDCCCXXX --> ToNumber : 3830
Iter : 3831 --> ToRoman : MMMDCCCXXXI --> ToNumber : 3831
Iter : 3832 --> ToRoman : MMMDCCCXXXII --> ToNumber : 3832
Iter : 3833 --> ToRoman : MMMDCCCXXXIII --> ToNumber : 3833
Iter : 3834 --> ToRoman : MMMDCCCXXXIV --> ToNumber : 3834
Iter : 3835 --> ToRoman : MMMDCCCXXXV --> ToNumber : 3835
Iter : 3836 --> ToRoman : MMMDCCCXXXVI --> ToNumber : 3836
Iter : 3837 --> ToRoman : MMMDCCCXXXVII --> ToNumber : 3837
Iter : 3838 --> ToRoman : MMMDCCCXXXVIII --> ToNumber : 3838
Iter : 3839 --> ToRoman : MMMDCCCXXXIX --> ToNumber : 3839
Iter : 3840 --> ToRoman : MMMDCCCXL --> ToNumber : 3840
Iter : 3841 --> ToRoman : MMMDCCCXLI --> ToNumber : 3841
Iter : 3842 --> ToRoman : MMMDCCCXLII --> ToNumber : 3842
Iter : 3843 --> ToRoman : MMMDCCCXLIII --> ToNumber : 3843
Iter : 3844 --> ToRoman : MMMDCCCXLIV --> ToNumber : 3844
Iter : 3845 --> ToRoman : MMMDCCCXLV --> ToNumber : 3845
Iter : 3846 --> ToRoman : MMMDCCCXLVI --> ToNumber : 3846
Iter : 3847 --> ToRoman : MMMDCCCXLVII --> ToNumber : 3847
Iter : 3848 --> ToRoman : MMMDCCCXLVIII --> ToNumber : 3848
Iter : 3849 --> ToRoman : MMMDCCCXLIX --> ToNumber : 3849
Iter : 3850 --> ToRoman : MMMDCCCL --> ToNumber : 3850
Iter : 3851 --> ToRoman : MMMDCCCLI --> ToNumber : 3851
Iter : 3852 --> ToRoman : MMMDCCCLII --> ToNumber : 3852
Iter : 3853 --> ToRoman : MMMDCCCLIII --> ToNumber : 3853
Iter : 3854 --> ToRoman : MMMDCCCLIV --> ToNumber : 3854
Iter : 3855 --> ToRoman : MMMDCCCLV --> ToNumber : 3855
Iter : 3856 --> ToRoman : MMMDCCCLVI --> ToNumber : 3856
Iter : 3857 --> ToRoman : MMMDCCCLVII --> ToNumber : 3857
Iter : 3858 --> ToRoman : MMMDCCCLVIII --> ToNumber : 3858
Iter : 3859 --> ToRoman : MMMDCCCLIX --> ToNumber : 3859
Iter : 3860 --> ToRoman : MMMDCCCLX --> ToNumber : 3860
Iter : 3861 --> ToRoman : MMMDCCCLXI --> ToNumber : 3861
Iter : 3862 --> ToRoman : MMMDCCCLXII --> ToNumber : 3862
Iter : 3863 --> ToRoman : MMMDCCCLXIII --> ToNumber : 3863
Iter : 3864 --> ToRoman : MMMDCCCLXIV --> ToNumber : 3864
Iter : 3865 --> ToRoman : MMMDCCCLXV --> ToNumber : 3865
Iter : 3866 --> ToRoman : MMMDCCCLXVI --> ToNumber : 3866
Iter : 3867 --> ToRoman : MMMDCCCLXVII --> ToNumber : 3867
Iter : 3868 --> ToRoman : MMMDCCCLXVIII --> ToNumber : 3868
Iter : 3869 --> ToRoman : MMMDCCCLXIX --> ToNumber : 3869
Iter : 3870 --> ToRoman : MMMDCCCLXX --> ToNumber : 3870
Iter : 3871 --> ToRoman : MMMDCCCLXXI --> ToNumber : 3871
Iter : 3872 --> ToRoman : MMMDCCCLXXII --> ToNumber : 3872
Iter : 3873 --> ToRoman : MMMDCCCLXXIII --> ToNumber : 3873
Iter : 3874 --> ToRoman : MMMDCCCLXXIV --> ToNumber : 3874
Iter : 3875 --> ToRoman : MMMDCCCLXXV --> ToNumber : 3875
Iter : 3876 --> ToRoman : MMMDCCCLXXVI --> ToNumber : 3876
Iter : 3877 --> ToRoman : MMMDCCCLXXVII --> ToNumber : 3877
Iter : 3878 --> ToRoman : MMMDCCCLXXVIII --> ToNumber : 3878
Iter : 3879 --> ToRoman : MMMDCCCLXXIX --> ToNumber : 3879
Iter : 3880 --> ToRoman : MMMDCCCLXXX --> ToNumber : 3880
Iter : 3881 --> ToRoman : MMMDCCCLXXXI --> ToNumber : 3881
Iter : 3882 --> ToRoman : MMMDCCCLXXXII --> ToNumber : 3882
Iter : 3883 --> ToRoman : MMMDCCCLXXXIII --> ToNumber : 3883
Iter : 3884 --> ToRoman : MMMDCCCLXXXIV --> ToNumber : 3884
Iter : 3885 --> ToRoman : MMMDCCCLXXXV --> ToNumber : 3885
Iter : 3886 --> ToRoman : MMMDCCCLXXXVI --> ToNumber : 3886
Iter : 3887 --> ToRoman : MMMDCCCLXXXVII --> ToNumber : 3887
Iter : 3888 --> ToRoman : MMMDCCCLXXXVIII --> ToNumber : 3888
Iter : 3889 --> ToRoman : MMMDCCCLXXXIX --> ToNumber : 3889
Iter : 3890 --> ToRoman : MMMDCCCXC --> ToNumber : 3890
Iter : 3891 --> ToRoman : MMMDCCCXCI --> ToNumber : 3891
Iter : 3892 --> ToRoman : MMMDCCCXCII --> ToNumber : 3892
Iter : 3893 --> ToRoman : MMMDCCCXCIII --> ToNumber : 3893
Iter : 3894 --> ToRoman : MMMDCCCXCIV --> ToNumber : 3894
Iter : 3895 --> ToRoman : MMMDCCCXCV --> ToNumber : 3895
Iter : 3896 --> ToRoman : MMMDCCCXCVI --> ToNumber : 3896
Iter : 3897 --> ToRoman : MMMDCCCXCVII --> ToNumber : 3897
Iter : 3898 --> ToRoman : MMMDCCCXCVIII --> ToNumber : 3898
Iter : 3899 --> ToRoman : MMMDCCCXCIX --> ToNumber : 3899
Iter : 3900 --> ToRoman : MMMCM --> ToNumber : 3900
Iter : 3901 --> ToRoman : MMMCMI --> ToNumber : 3901
Iter : 3902 --> ToRoman : MMMCMII --> ToNumber : 3902
Iter : 3903 --> ToRoman : MMMCMIII --> ToNumber : 3903
Iter : 3904 --> ToRoman : MMMCMIV --> ToNumber : 3904
Iter : 3905 --> ToRoman : MMMCMV --> ToNumber : 3905
Iter : 3906 --> ToRoman : MMMCMVI --> ToNumber : 3906
Iter : 3907 --> ToRoman : MMMCMVII --> ToNumber : 3907
Iter : 3908 --> ToRoman : MMMCMVIII --> ToNumber : 3908
Iter : 3909 --> ToRoman : MMMCMIX --> ToNumber : 3909
Iter : 3910 --> ToRoman : MMMCMX --> ToNumber : 3910
Iter : 3911 --> ToRoman : MMMCMXI --> ToNumber : 3911
Iter : 3912 --> ToRoman : MMMCMXII --> ToNumber : 3912
Iter : 3913 --> ToRoman : MMMCMXIII --> ToNumber : 3913
Iter : 3914 --> ToRoman : MMMCMXIV --> ToNumber : 3914
Iter : 3915 --> ToRoman : MMMCMXV --> ToNumber : 3915
Iter : 3916 --> ToRoman : MMMCMXVI --> ToNumber : 3916
Iter : 3917 --> ToRoman : MMMCMXVII --> ToNumber : 3917
Iter : 3918 --> ToRoman : MMMCMXVIII --> ToNumber : 3918
Iter : 3919 --> ToRoman : MMMCMXIX --> ToNumber : 3919
Iter : 3920 --> ToRoman : MMMCMXX --> ToNumber : 3920
Iter : 3921 --> ToRoman : MMMCMXXI --> ToNumber : 3921
Iter : 3922 --> ToRoman : MMMCMXXII --> ToNumber : 3922
Iter : 3923 --> ToRoman : MMMCMXXIII --> ToNumber : 3923
Iter : 3924 --> ToRoman : MMMCMXXIV --> ToNumber : 3924
Iter : 3925 --> ToRoman : MMMCMXXV --> ToNumber : 3925
Iter : 3926 --> ToRoman : MMMCMXXVI --> ToNumber : 3926
Iter : 3927 --> ToRoman : MMMCMXXVII --> ToNumber : 3927
Iter : 3928 --> ToRoman : MMMCMXXVIII --> ToNumber : 3928
Iter : 3929 --> ToRoman : MMMCMXXIX --> ToNumber : 3929
Iter : 3930 --> ToRoman : MMMCMXXX --> ToNumber : 3930
Iter : 3931 --> ToRoman : MMMCMXXXI --> ToNumber : 3931
Iter : 3932 --> ToRoman : MMMCMXXXII --> ToNumber : 3932
Iter : 3933 --> ToRoman : MMMCMXXXIII --> ToNumber : 3933
Iter : 3934 --> ToRoman : MMMCMXXXIV --> ToNumber : 3934
Iter : 3935 --> ToRoman : MMMCMXXXV --> ToNumber : 3935
Iter : 3936 --> ToRoman : MMMCMXXXVI --> ToNumber : 3936
Iter : 3937 --> ToRoman : MMMCMXXXVII --> ToNumber : 3937
Iter : 3938 --> ToRoman : MMMCMXXXVIII --> ToNumber : 3938
Iter : 3939 --> ToRoman : MMMCMXXXIX --> ToNumber : 3939
Iter : 3940 --> ToRoman : MMMCMXL --> ToNumber : 3940
Iter : 3941 --> ToRoman : MMMCMXLI --> ToNumber : 3941
Iter : 3942 --> ToRoman : MMMCMXLII --> ToNumber : 3942
Iter : 3943 --> ToRoman : MMMCMXLIII --> ToNumber : 3943
Iter : 3944 --> ToRoman : MMMCMXLIV --> ToNumber : 3944
Iter : 3945 --> ToRoman : MMMCMXLV --> ToNumber : 3945
Iter : 3946 --> ToRoman : MMMCMXLVI --> ToNumber : 3946
Iter : 3947 --> ToRoman : MMMCMXLVII --> ToNumber : 3947
Iter : 3948 --> ToRoman : MMMCMXLVIII --> ToNumber : 3948
Iter : 3949 --> ToRoman : MMMCMXLIX --> ToNumber : 3949
Iter : 3950 --> ToRoman : MMMCML --> ToNumber : 3950
Iter : 3951 --> ToRoman : MMMCMLI --> ToNumber : 3951
Iter : 3952 --> ToRoman : MMMCMLII --> ToNumber : 3952
Iter : 3953 --> ToRoman : MMMCMLIII --> ToNumber : 3953
Iter : 3954 --> ToRoman : MMMCMLIV --> ToNumber : 3954
Iter : 3955 --> ToRoman : MMMCMLV --> ToNumber : 3955
Iter : 3956 --> ToRoman : MMMCMLVI --> ToNumber : 3956
Iter : 3957 --> ToRoman : MMMCMLVII --> ToNumber : 3957
Iter : 3958 --> ToRoman : MMMCMLVIII --> ToNumber : 3958
Iter : 3959 --> ToRoman : MMMCMLIX --> ToNumber : 3959
Iter : 3960 --> ToRoman : MMMCMLX --> ToNumber : 3960
Iter : 3961 --> ToRoman : MMMCMLXI --> ToNumber : 3961
Iter : 3962 --> ToRoman : MMMCMLXII --> ToNumber : 3962
Iter : 3963 --> ToRoman : MMMCMLXIII --> ToNumber : 3963
Iter : 3964 --> ToRoman : MMMCMLXIV --> ToNumber : 3964
Iter : 3965 --> ToRoman : MMMCMLXV --> ToNumber : 3965
Iter : 3966 --> ToRoman : MMMCMLXVI --> ToNumber : 3966
Iter : 3967 --> ToRoman : MMMCMLXVII --> ToNumber : 3967
Iter : 3968 --> ToRoman : MMMCMLXVIII --> ToNumber : 3968
Iter : 3969 --> ToRoman : MMMCMLXIX --> ToNumber : 3969
Iter : 3970 --> ToRoman : MMMCMLXX --> ToNumber : 3970
Iter : 3971 --> ToRoman : MMMCMLXXI --> ToNumber : 3971
Iter : 3972 --> ToRoman : MMMCMLXXII --> ToNumber : 3972
Iter : 3973 --> ToRoman : MMMCMLXXIII --> ToNumber : 3973
Iter : 3974 --> ToRoman : MMMCMLXXIV --> ToNumber : 3974
Iter : 3975 --> ToRoman : MMMCMLXXV --> ToNumber : 3975
Iter : 3976 --> ToRoman : MMMCMLXXVI --> ToNumber : 3976
Iter : 3977 --> ToRoman : MMMCMLXXVII --> ToNumber : 3977
Iter : 3978 --> ToRoman : MMMCMLXXVIII --> ToNumber : 3978
Iter : 3979 --> ToRoman : MMMCMLXXIX --> ToNumber : 3979
Iter : 3980 --> ToRoman : MMMCMLXXX --> ToNumber : 3980
Iter : 3981 --> ToRoman : MMMCMLXXXI --> ToNumber : 3981
Iter : 3982 --> ToRoman : MMMCMLXXXII --> ToNumber : 3982
Iter : 3983 --> ToRoman : MMMCMLXXXIII --> ToNumber : 3983
Iter : 3984 --> ToRoman : MMMCMLXXXIV --> ToNumber : 3984
Iter : 3985 --> ToRoman : MMMCMLXXXV --> ToNumber : 3985
Iter : 3986 --> ToRoman : MMMCMLXXXVI --> ToNumber : 3986
Iter : 3987 --> ToRoman : MMMCMLXXXVII --> ToNumber : 3987
Iter : 3988 --> ToRoman : MMMCMLXXXVIII --> ToNumber : 3988
Iter : 3989 --> ToRoman : MMMCMLXXXIX --> ToNumber : 3989
Iter : 3990 --> ToRoman : MMMCMXC --> ToNumber : 3990
Iter : 3991 --> ToRoman : MMMCMXCI --> ToNumber : 3991
Iter : 3992 --> ToRoman : MMMCMXCII --> ToNumber : 3992
Iter : 3993 --> ToRoman : MMMCMXCIII --> ToNumber : 3993
Iter : 3994 --> ToRoman : MMMCMXCIV --> ToNumber : 3994
Iter : 3995 --> ToRoman : MMMCMXCV --> ToNumber : 3995
Iter : 3996 --> ToRoman : MMMCMXCVI --> ToNumber : 3996
Iter : 3997 --> ToRoman : MMMCMXCVII --> ToNumber : 3997
Iter : 3998 --> ToRoman : MMMCMXCVIII --> ToNumber : 3998
Iter : 3999 --> ToRoman : MMMCMXCIX --> ToNumber : 3999
]]></system-out>
  <system-err><![CDATA[]]></system-err>
</testsuite>
